This is pdfTeX, Version 3.14159265-2.6-1.40.20 (TeX Live 2019/Debian) (preloaded format=pdflatex 2022.6.5)  5 JAN 2023 04:22
entering extended mode
 restricted \write18 enabled.
 %&-line parsing enabled.
**main.tex
(./main.tex
LaTeX2e <2020-02-02> patch level 2
L3 programming layer <2020-02-14>
(/usr/share/texlive/texmf-dist/tex/latex/base/report.cls
Document Class: report 2019/12/20 v1.4l Standard LaTeX document class
(/usr/share/texlive/texmf-dist/tex/latex/base/size10.clo
File: size10.clo 2019/12/20 v1.4l Standard LaTeX file (size option)
)
\c@part=\count167
\c@chapter=\count168
\c@section=\count169
\c@subsection=\count170
\c@subsubsection=\count171
\c@paragraph=\count172
\c@subparagraph=\count173
\c@figure=\count174
\c@table=\count175
\abovecaptionskip=\skip47
\belowcaptionskip=\skip48
\bibindent=\dimen134
)
(/usr/share/texlive/texmf-dist/tex/latex/base/textcomp.sty
Package: textcomp 2020/02/02 v2.0n Standard LaTeX package
)
(./config/config.tex (/usr/share/texlive/texmf-dist/tex/latex/cmap/cmap.sty
Package: cmap 2008/03/06 v1.0h CMap support: searchable PDF
)
(/usr/share/texlive/texmf-dist/tex/latex/base/fontenc.sty
Package: fontenc 2020/02/11 v2.0o Standard LaTeX package

(/usr/share/texlive/texmf-dist/tex/latex/cyrillic/t2aenc.def
File: t2aenc.def 2005/09/27 v1.0i Cyrillic encoding definition file
Now handling font encoding T2A ...
... processing UTF-8 mapping file for font encoding T2A

(/usr/share/texlive/texmf-dist/tex/latex/base/t2aenc.dfu
File: t2aenc.dfu 2019/11/14 v1.2k UTF-8 support for inputenc
   defining Unicode char U+00A4 (decimal 164)
   defining Unicode char U+00A7 (decimal 167)
   defining Unicode char U+00AB (decimal 171)
   defining Unicode char U+00BB (decimal 187)
   defining Unicode char U+0131 (decimal 305)
   defining Unicode char U+0237 (decimal 567)
   defining Unicode char U+0400 (decimal 1024)
   defining Unicode char U+0401 (decimal 1025)
   defining Unicode char U+0402 (decimal 1026)
   defining Unicode char U+0403 (decimal 1027)
   defining Unicode char U+0404 (decimal 1028)
   defining Unicode char U+0405 (decimal 1029)
   defining Unicode char U+0406 (decimal 1030)
   defining Unicode char U+0407 (decimal 1031)
   defining Unicode char U+0408 (decimal 1032)
   defining Unicode char U+0409 (decimal 1033)
   defining Unicode char U+040A (decimal 1034)
   defining Unicode char U+040B (decimal 1035)
   defining Unicode char U+040C (decimal 1036)
   defining Unicode char U+040D (decimal 1037)
   defining Unicode char U+040E (decimal 1038)
   defining Unicode char U+040F (decimal 1039)
   defining Unicode char U+0410 (decimal 1040)
   defining Unicode char U+0411 (decimal 1041)
   defining Unicode char U+0412 (decimal 1042)
   defining Unicode char U+0413 (decimal 1043)
   defining Unicode char U+0414 (decimal 1044)
   defining Unicode char U+0415 (decimal 1045)
   defining Unicode char U+0416 (decimal 1046)
   defining Unicode char U+0417 (decimal 1047)
   defining Unicode char U+0418 (decimal 1048)
   defining Unicode char U+0419 (decimal 1049)
   defining Unicode char U+041A (decimal 1050)
   defining Unicode char U+041B (decimal 1051)
   defining Unicode char U+041C (decimal 1052)
   defining Unicode char U+041D (decimal 1053)
   defining Unicode char U+041E (decimal 1054)
   defining Unicode char U+041F (decimal 1055)
   defining Unicode char U+0420 (decimal 1056)
   defining Unicode char U+0421 (decimal 1057)
   defining Unicode char U+0422 (decimal 1058)
   defining Unicode char U+0423 (decimal 1059)
   defining Unicode char U+0424 (decimal 1060)
   defining Unicode char U+0425 (decimal 1061)
   defining Unicode char U+0426 (decimal 1062)
   defining Unicode char U+0427 (decimal 1063)
   defining Unicode char U+0428 (decimal 1064)
   defining Unicode char U+0429 (decimal 1065)
   defining Unicode char U+042A (decimal 1066)
   defining Unicode char U+042B (decimal 1067)
   defining Unicode char U+042C (decimal 1068)
   defining Unicode char U+042D (decimal 1069)
   defining Unicode char U+042E (decimal 1070)
   defining Unicode char U+042F (decimal 1071)
   defining Unicode char U+0430 (decimal 1072)
   defining Unicode char U+0431 (decimal 1073)
   defining Unicode char U+0432 (decimal 1074)
   defining Unicode char U+0433 (decimal 1075)
   defining Unicode char U+0434 (decimal 1076)
   defining Unicode char U+0435 (decimal 1077)
   defining Unicode char U+0436 (decimal 1078)
   defining Unicode char U+0437 (decimal 1079)
   defining Unicode char U+0438 (decimal 1080)
   defining Unicode char U+0439 (decimal 1081)
   defining Unicode char U+043A (decimal 1082)
   defining Unicode char U+043B (decimal 1083)
   defining Unicode char U+043C (decimal 1084)
   defining Unicode char U+043D (decimal 1085)
   defining Unicode char U+043E (decimal 1086)
   defining Unicode char U+043F (decimal 1087)
   defining Unicode char U+0440 (decimal 1088)
   defining Unicode char U+0441 (decimal 1089)
   defining Unicode char U+0442 (decimal 1090)
   defining Unicode char U+0443 (decimal 1091)
   defining Unicode char U+0444 (decimal 1092)
   defining Unicode char U+0445 (decimal 1093)
   defining Unicode char U+0446 (decimal 1094)
   defining Unicode char U+0447 (decimal 1095)
   defining Unicode char U+0448 (decimal 1096)
   defining Unicode char U+0449 (decimal 1097)
   defining Unicode char U+044A (decimal 1098)
   defining Unicode char U+044B (decimal 1099)
   defining Unicode char U+044C (decimal 1100)
   defining Unicode char U+044D (decimal 1101)
   defining Unicode char U+044E (decimal 1102)
   defining Unicode char U+044F (decimal 1103)
   defining Unicode char U+0450 (decimal 1104)
   defining Unicode char U+0451 (decimal 1105)
   defining Unicode char U+0452 (decimal 1106)
   defining Unicode char U+0453 (decimal 1107)
   defining Unicode char U+0454 (decimal 1108)
   defining Unicode char U+0455 (decimal 1109)
   defining Unicode char U+0456 (decimal 1110)
   defining Unicode char U+0457 (decimal 1111)
   defining Unicode char U+0458 (decimal 1112)
   defining Unicode char U+0459 (decimal 1113)
   defining Unicode char U+045A (decimal 1114)
   defining Unicode char U+045B (decimal 1115)
   defining Unicode char U+045C (decimal 1116)
   defining Unicode char U+045D (decimal 1117)
   defining Unicode char U+045E (decimal 1118)
   defining Unicode char U+045F (decimal 1119)
   defining Unicode char U+0490 (decimal 1168)
   defining Unicode char U+0491 (decimal 1169)
   defining Unicode char U+0492 (decimal 1170)
   defining Unicode char U+0493 (decimal 1171)
   defining Unicode char U+0496 (decimal 1174)
   defining Unicode char U+0497 (decimal 1175)
   defining Unicode char U+0498 (decimal 1176)
   defining Unicode char U+0499 (decimal 1177)
   defining Unicode char U+049A (decimal 1178)
   defining Unicode char U+049B (decimal 1179)
   defining Unicode char U+049C (decimal 1180)
   defining Unicode char U+049D (decimal 1181)
   defining Unicode char U+04A0 (decimal 1184)
   defining Unicode char U+04A1 (decimal 1185)
   defining Unicode char U+04A2 (decimal 1186)
   defining Unicode char U+04A3 (decimal 1187)
   defining Unicode char U+04A4 (decimal 1188)
   defining Unicode char U+04A5 (decimal 1189)
   defining Unicode char U+04AA (decimal 1194)
   defining Unicode char U+04AB (decimal 1195)
   defining Unicode char U+04AE (decimal 1198)
   defining Unicode char U+04AF (decimal 1199)
   defining Unicode char U+04B0 (decimal 1200)
   defining Unicode char U+04B1 (decimal 1201)
   defining Unicode char U+04B2 (decimal 1202)
   defining Unicode char U+04B3 (decimal 1203)
   defining Unicode char U+04B6 (decimal 1206)
   defining Unicode char U+04B7 (decimal 1207)
   defining Unicode char U+04B8 (decimal 1208)
   defining Unicode char U+04B9 (decimal 1209)
   defining Unicode char U+04BA (decimal 1210)
   defining Unicode char U+04BB (decimal 1211)
   defining Unicode char U+04C0 (decimal 1216)
   defining Unicode char U+04C1 (decimal 1217)
   defining Unicode char U+04C2 (decimal 1218)
   defining Unicode char U+04D0 (decimal 1232)
   defining Unicode char U+04D1 (decimal 1233)
   defining Unicode char U+04D2 (decimal 1234)
   defining Unicode char U+04D3 (decimal 1235)
   defining Unicode char U+04D4 (decimal 1236)
   defining Unicode char U+04D5 (decimal 1237)
   defining Unicode char U+04D6 (decimal 1238)
   defining Unicode char U+04D7 (decimal 1239)
   defining Unicode char U+04D8 (decimal 1240)
   defining Unicode char U+04D9 (decimal 1241)
   defining Unicode char U+04DA (decimal 1242)
   defining Unicode char U+04DB (decimal 1243)
   defining Unicode char U+04DC (decimal 1244)
   defining Unicode char U+04DD (decimal 1245)
   defining Unicode char U+04DE (decimal 1246)
   defining Unicode char U+04DF (decimal 1247)
   defining Unicode char U+04E2 (decimal 1250)
   defining Unicode char U+04E3 (decimal 1251)
   defining Unicode char U+04E4 (decimal 1252)
   defining Unicode char U+04E5 (decimal 1253)
   defining Unicode char U+04E6 (decimal 1254)
   defining Unicode char U+04E7 (decimal 1255)
   defining Unicode char U+04E8 (decimal 1256)
   defining Unicode char U+04E9 (decimal 1257)
   defining Unicode char U+04EC (decimal 1260)
   defining Unicode char U+04ED (decimal 1261)
   defining Unicode char U+04EE (decimal 1262)
   defining Unicode char U+04EF (decimal 1263)
   defining Unicode char U+04F0 (decimal 1264)
   defining Unicode char U+04F1 (decimal 1265)
   defining Unicode char U+04F2 (decimal 1266)
   defining Unicode char U+04F3 (decimal 1267)
   defining Unicode char U+04F4 (decimal 1268)
   defining Unicode char U+04F5 (decimal 1269)
   defining Unicode char U+04F8 (decimal 1272)
   defining Unicode char U+04F9 (decimal 1273)
   defining Unicode char U+200C (decimal 8204)
   defining Unicode char U+2013 (decimal 8211)
   defining Unicode char U+2014 (decimal 8212)
   defining Unicode char U+2018 (decimal 8216)
   defining Unicode char U+2019 (decimal 8217)
   defining Unicode char U+201C (decimal 8220)
   defining Unicode char U+201D (decimal 8221)
   defining Unicode char U+201E (decimal 8222)
   defining Unicode char U+2030 (decimal 8240)
   defining Unicode char U+2031 (decimal 8241)
   defining Unicode char U+2116 (decimal 8470)
   defining Unicode char U+2329 (decimal 9001)
   defining Unicode char U+232A (decimal 9002)
   defining Unicode char U+2423 (decimal 9251)
   defining Unicode char U+27E8 (decimal 10216)
   defining Unicode char U+27E9 (decimal 10217)
   defining Unicode char U+FB00 (decimal 64256)
   defining Unicode char U+FB01 (decimal 64257)
   defining Unicode char U+FB02 (decimal 64258)
   defining Unicode char U+FB03 (decimal 64259)
   defining Unicode char U+FB04 (decimal 64260)
   defining Unicode char U+FB05 (decimal 64261)
   defining Unicode char U+FB06 (decimal 64262)
))
LaTeX Font Info:    Trying to load font information for T2A+cmr on input line 1
12.

(/usr/share/texlive/texmf-dist/tex/latex/cyrillic/t2acmr.fd
File: t2acmr.fd 2001/08/11 v1.0a Computer Modern Cyrillic font definitions
)<<t2a.cmap>>)
(/usr/share/texlive/texmf-dist/tex/latex/base/inputenc.sty
Package: inputenc 2018/08/11 v1.3c Input encoding file
\inpenc@prehook=\toks14
\inpenc@posthook=\toks15
)
(/usr/share/texlive/texmf-dist/tex/generic/babel/babel.sty
Package: babel 2020/02/14 3.40 The Babel package

(/usr/share/texlive/texmf-dist/tex/generic/babel/switch.def
File: switch.def 2020/02/14 3.40 Babel switching mechanism
)
(/usr/share/texlive/texmf-dist/tex/generic/babel-russian/russianb.ldf
Language: russian 2017/08/12 1.3j Russian support for the Babel system

(/usr/share/texlive/texmf-dist/tex/generic/babel/babel.def
File: babel.def 2020/02/14 3.40 Babel common definitions
\babel@savecnt=\count176
\U@D=\dimen135

(/usr/share/texlive/texmf-dist/tex/generic/babel/txtbabel.def)
\bbl@readstream=\read2
\bbl@dirlevel=\count177
)
Package babel Info: Making " an active character on input line 120.
Package babel Info: Default for \cyrdash is provided on input line 157.
)
(/usr/share/texlive/texmf-dist/tex/generic/babel-english/english.ldf
Language: english 2017/06/06 v3.3r English support from the babel system
Package babel Info: \l@british = using hyphenrules for english
(babel)             (\language0) on input line 82.
Package babel Info: \l@UKenglish = using hyphenrules for english
(babel)             (\language0) on input line 83.
Package babel Info: \l@canadian = using hyphenrules for english
(babel)             (\language0) on input line 102.
Package babel Info: \l@australian = using hyphenrules for english
(babel)             (\language0) on input line 105.
Package babel Info: \l@newzealand = using hyphenrules for english
(babel)             (\language0) on input line 108.
)

Package babel Warning: Last declared language option is `russian',
(babel)                but the last processed one was `english'.
(babel)                The main language cannot be set as both a global
(babel)                and a package option. Use `main=russian' as
(babel)                option. Reported on input line 557.

) (/usr/share/texlive/texmf-dist/tex/latex/geometry/geometry.sty
Package: geometry 2020/01/02 v5.9 Page Geometry

(/usr/share/texlive/texmf-dist/tex/latex/graphics/keyval.sty
Package: keyval 2014/10/28 v1.15 key=value parser (DPC)
\KV@toks@=\toks16
)
(/usr/share/texlive/texmf-dist/tex/generic/iftex/ifvtex.sty
Package: ifvtex 2019/10/25 v1.7 ifvtex legacy package. Use iftex instead.

(/usr/share/texlive/texmf-dist/tex/generic/iftex/iftex.sty
Package: iftex 2019/11/07 v1.0c TeX engine tests
))
\Gm@cnth=\count178
\Gm@cntv=\count179
\c@Gm@tempcnt=\count180
\Gm@bindingoffset=\dimen136
\Gm@wd@mp=\dimen137
\Gm@odd@mp=\dimen138
\Gm@even@mp=\dimen139
\Gm@layoutwidth=\dimen140
\Gm@layoutheight=\dimen141
\Gm@layouthoffset=\dimen142
\Gm@layoutvoffset=\dimen143
\Gm@dimlist=\toks17
)
(/usr/share/texlive/texmf-dist/tex/latex/tools/indentfirst.sty
Package: indentfirst 1995/11/23 v1.03 Indent first paragraph (DPC)
)
(/usr/share/texlive/texmf-dist/tex/latex/mathtools/mathtools.sty
Package: mathtools 2020/01/17 v1.23 mathematical typesetting tools

(/usr/share/texlive/texmf-dist/tex/latex/tools/calc.sty
Package: calc 2017/05/25 v4.3 Infix arithmetic (KKT,FJ)
\calc@Acount=\count181
\calc@Bcount=\count182
\calc@Adimen=\dimen144
\calc@Bdimen=\dimen145
\calc@Askip=\skip49
\calc@Bskip=\skip50
LaTeX Info: Redefining \setlength on input line 80.
LaTeX Info: Redefining \addtolength on input line 81.
\calc@Ccount=\count183
\calc@Cskip=\skip51
)
(/usr/share/texlive/texmf-dist/tex/latex/mathtools/mhsetup.sty
Package: mhsetup 2017/03/31 v1.3 programming setup (MH)
)
(/usr/share/texlive/texmf-dist/tex/latex/amsmath/amsmath.sty
Package: amsmath 2020/01/20 v2.17e AMS math features
\@mathmargin=\skip52

For additional information on amsmath, use the `?' option.
(/usr/share/texlive/texmf-dist/tex/latex/amsmath/amstext.sty
Package: amstext 2000/06/29 v2.01 AMS text

(/usr/share/texlive/texmf-dist/tex/latex/amsmath/amsgen.sty
File: amsgen.sty 1999/11/30 v2.0 generic functions
\@emptytoks=\toks18
\ex@=\dimen146
))
(/usr/share/texlive/texmf-dist/tex/latex/amsmath/amsbsy.sty
Package: amsbsy 1999/11/29 v1.2d Bold Symbols
\pmbraise@=\dimen147
)
(/usr/share/texlive/texmf-dist/tex/latex/amsmath/amsopn.sty
Package: amsopn 2016/03/08 v2.02 operator names
)
\inf@bad=\count184
LaTeX Info: Redefining \frac on input line 227.
\uproot@=\count185
\leftroot@=\count186
LaTeX Info: Redefining \overline on input line 389.
\classnum@=\count187
\DOTSCASE@=\count188
LaTeX Info: Redefining \ldots on input line 486.
LaTeX Info: Redefining \dots on input line 489.
LaTeX Info: Redefining \cdots on input line 610.
\Mathstrutbox@=\box45
\strutbox@=\box46
\big@size=\dimen148
LaTeX Font Info:    Redeclaring font encoding OML on input line 733.
LaTeX Font Info:    Redeclaring font encoding OMS on input line 734.
\macc@depth=\count189
\c@MaxMatrixCols=\count190
\dotsspace@=\muskip16
\c@parentequation=\count191
\dspbrk@lvl=\count192
\tag@help=\toks19
\row@=\count193
\column@=\count194
\maxfields@=\count195
\andhelp@=\toks20
\eqnshift@=\dimen149
\alignsep@=\dimen150
\tagshift@=\dimen151
\tagwidth@=\dimen152
\totwidth@=\dimen153
\lineht@=\dimen154
\@envbody=\toks21
\multlinegap=\skip53
\multlinetaggap=\skip54
\mathdisplay@stack=\toks22
LaTeX Info: Redefining \[ on input line 2859.
LaTeX Info: Redefining \] on input line 2860.
)
LaTeX Info: Thecontrolsequence`\('isalreadyrobust on input line 129.
LaTeX Info: Thecontrolsequence`\)'isalreadyrobust on input line 129.
LaTeX Info: Thecontrolsequence`\['isalreadyrobust on input line 129.
LaTeX Info: Thecontrolsequence`\]'isalreadyrobust on input line 129.
\g_MT_multlinerow_int=\count196
\l_MT_multwidth_dim=\dimen155
\origjot=\skip55
\l_MT_shortvdotswithinadjustabove_dim=\dimen156
\l_MT_shortvdotswithinadjustbelow_dim=\dimen157
\l_MT_above_intertext_sep=\dimen158
\l_MT_below_intertext_sep=\dimen159
\l_MT_above_shortintertext_sep=\dimen160
\l_MT_below_shortintertext_sep=\dimen161
)
(/usr/share/texlive/texmf-dist/tex/latex/hyperref/hyperref.sty
Package: hyperref 2020/01/14 v7.00d Hypertext links for LaTeX

(/usr/share/texlive/texmf-dist/tex/generic/ltxcmds/ltxcmds.sty
Package: ltxcmds 2019/12/15 v1.24 LaTeX kernel commands for general use (HO)
)
(/usr/share/texlive/texmf-dist/tex/latex/pdftexcmds/pdftexcmds.sty
Package: pdftexcmds 2019/11/24 v0.31 Utility functions of pdfTeX for LuaTeX (HO
)

(/usr/share/texlive/texmf-dist/tex/generic/infwarerr/infwarerr.sty
Package: infwarerr 2019/12/03 v1.5 Providing info/warning/error messages (HO)
)
Package pdftexcmds Info: \pdf@primitive is available.
Package pdftexcmds Info: \pdf@ifprimitive is available.
Package pdftexcmds Info: \pdfdraftmode found.
)
(/usr/share/texlive/texmf-dist/tex/generic/kvsetkeys/kvsetkeys.sty
Package: kvsetkeys 2019/12/15 v1.18 Key value parser (HO)
)
(/usr/share/texlive/texmf-dist/tex/generic/kvdefinekeys/kvdefinekeys.sty
Package: kvdefinekeys 2019-12-19 v1.6 Define keys (HO)
)
(/usr/share/texlive/texmf-dist/tex/generic/pdfescape/pdfescape.sty
Package: pdfescape 2019/12/09 v1.15 Implements pdfTeX's escape features (HO)
)
(/usr/share/texlive/texmf-dist/tex/latex/hycolor/hycolor.sty
Package: hycolor 2020-01-27 v1.10 Color options for hyperref/bookmark (HO)
)
(/usr/share/texlive/texmf-dist/tex/latex/letltxmacro/letltxmacro.sty
Package: letltxmacro 2019/12/03 v1.6 Let assignment for LaTeX macros (HO)
)
(/usr/share/texlive/texmf-dist/tex/latex/auxhook/auxhook.sty
Package: auxhook 2019-12-17 v1.6 Hooks for auxiliary files (HO)
)
(/usr/share/texlive/texmf-dist/tex/latex/kvoptions/kvoptions.sty
Package: kvoptions 2019/11/29 v3.13 Key value format for package options (HO)
)
\@linkdim=\dimen162
\Hy@linkcounter=\count197
\Hy@pagecounter=\count198

(/usr/share/texlive/texmf-dist/tex/latex/hyperref/pd1enc.def
File: pd1enc.def 2020/01/14 v7.00d Hyperref: PDFDocEncoding definition (HO)
Now handling font encoding PD1 ...
... no UTF-8 mapping file for font encoding PD1
)
(/usr/share/texlive/texmf-dist/tex/generic/intcalc/intcalc.sty
Package: intcalc 2019/12/15 v1.3 Expandable calculations with integers (HO)
)
(/usr/share/texlive/texmf-dist/tex/generic/etexcmds/etexcmds.sty
Package: etexcmds 2019/12/15 v1.7 Avoid name clashes with e-TeX commands (HO)
)
\Hy@SavedSpaceFactor=\count199
\pdfmajorversion=\count266
Package hyperref Info: Option `unicode' set `true' on input line 3502.

(/usr/share/texlive/texmf-dist/tex/latex/hyperref/puenc.def
File: puenc.def 2020/01/14 v7.00d Hyperref: PDF Unicode definition (HO)
Now handling font encoding PU ...
... no UTF-8 mapping file for font encoding PU
)
Package hyperref Info: Hyper figures OFF on input line 4547.
Package hyperref Info: Link nesting OFF on input line 4552.
Package hyperref Info: Hyper index ON on input line 4555.
Package hyperref Info: Plain pages OFF on input line 4562.
Package hyperref Info: Backreferencing OFF on input line 4567.
Package hyperref Info: Implicit mode ON; LaTeX internals redefined.
Package hyperref Info: Bookmarks ON on input line 4800.
\c@Hy@tempcnt=\count267

(/usr/share/texlive/texmf-dist/tex/latex/url/url.sty
\Urlmuskip=\muskip17
Package: url 2013/09/16  ver 3.4  Verb mode for urls, etc.
)
LaTeX Info: Redefining \url on input line 5159.
\XeTeXLinkMargin=\dimen163

(/usr/share/texlive/texmf-dist/tex/generic/bitset/bitset.sty
Package: bitset 2019/12/09 v1.3 Handle bit-vector datatype (HO)

(/usr/share/texlive/texmf-dist/tex/generic/bigintcalc/bigintcalc.sty
Package: bigintcalc 2019/12/15 v1.5 Expandable calculations on big integers (HO
)
))
\Fld@menulength=\count268
\Field@Width=\dimen164
\Fld@charsize=\dimen165
Package hyperref Info: Hyper figures OFF on input line 6430.
Package hyperref Info: Link nesting OFF on input line 6435.
Package hyperref Info: Hyper index ON on input line 6438.
Package hyperref Info: backreferencing OFF on input line 6445.
Package hyperref Info: Link coloring OFF on input line 6450.
Package hyperref Info: Link coloring with OCG OFF on input line 6455.
Package hyperref Info: PDF/A mode OFF on input line 6460.
LaTeX Info: Redefining \ref on input line 6500.
LaTeX Info: Redefining \pageref on input line 6504.

(/usr/share/texlive/texmf-dist/tex/generic/atbegshi/atbegshi.sty
Package: atbegshi 2019/12/05 v1.19 At begin shipout hook (HO)
)
\Hy@abspage=\count269
\c@Item=\count270
\c@Hfootnote=\count271
)
Package hyperref Info: Driver (autodetected): hpdftex.

(/usr/share/texlive/texmf-dist/tex/latex/hyperref/hpdftex.def
File: hpdftex.def 2020/01/14 v7.00d Hyperref driver for pdfTeX

(/usr/share/texlive/texmf-dist/tex/latex/atveryend/atveryend.sty
Package: atveryend 2019-12-11 v1.11 Hooks at the very end of document (HO)
Package atveryend Info: \enddocument detected (standard20110627).
)
\Fld@listcount=\count272
\c@bookmark@seq@number=\count273

(/usr/share/texlive/texmf-dist/tex/latex/rerunfilecheck/rerunfilecheck.sty
Package: rerunfilecheck 2019/12/05 v1.9 Rerun checks for auxiliary files (HO)

(/usr/share/texlive/texmf-dist/tex/generic/uniquecounter/uniquecounter.sty
Package: uniquecounter 2019/12/15 v1.4 Provide unlimited unique counter (HO)
)
Package uniquecounter Info: New unique counter `rerunfilecheck' on input line 2
86.
)
\Hy@SectionHShift=\skip56
)
(/usr/share/texlive/texmf-dist/tex/latex/tools/tabularx.sty
Package: tabularx 2020/01/15 v2.11c `tabularx' package (DPC)

(/usr/share/texlive/texmf-dist/tex/latex/tools/array.sty
Package: array 2019/08/31 v2.4l Tabular extension package (FMi)
\col@sep=\dimen166
\ar@mcellbox=\box47
\extrarowheight=\dimen167
\NC@list=\toks23
\extratabsurround=\skip57
\backup@length=\skip58
\ar@cellbox=\box48
)
\TX@col@width=\dimen168
\TX@old@table=\dimen169
\TX@old@col=\dimen170
\TX@target=\dimen171
\TX@delta=\dimen172
\TX@cols=\count274
\TX@ftn=\toks24
)
(/usr/share/texlive/texmf-dist/tex/latex/graphics/graphicx.sty
Package: graphicx 2019/11/30 v1.2a Enhanced LaTeX Graphics (DPC,SPQR)

(/usr/share/texlive/texmf-dist/tex/latex/graphics/graphics.sty
Package: graphics 2019/11/30 v1.4a Standard LaTeX Graphics (DPC,SPQR)

(/usr/share/texlive/texmf-dist/tex/latex/graphics/trig.sty
Package: trig 2016/01/03 v1.10 sin cos tan (DPC)
)
(/usr/share/texlive/texmf-dist/tex/latex/graphics-cfg/graphics.cfg
File: graphics.cfg 2016/06/04 v1.11 sample graphics configuration
)
Package graphics Info: Driver file: pdftex.def on input line 105.

(/usr/share/texlive/texmf-dist/tex/latex/graphics-def/pdftex.def
File: pdftex.def 2018/01/08 v1.0l Graphics/color driver for pdftex
))
\Gin@req@height=\dimen173
\Gin@req@width=\dimen174
)
(/usr/share/texlive/texmf-dist/tex/latex/multirow/multirow.sty
Package: multirow 2019/05/31 v2.5 Span multiple rows of a table
\multirow@colwidth=\skip59
\multirow@cntb=\count275
\multirow@dima=\skip60
\bigstrutjot=\dimen175
)
(/usr/share/texlive/texmf-dist/tex/latex/caption/caption.sty
Package: caption 2020/01/03 v3.4h Customizing captions (AR)

(/usr/share/texlive/texmf-dist/tex/latex/caption/caption3.sty
Package: caption3 2020/01/03 v1.8h caption3 kernel (AR)
Package caption3 Info: TeX engine: e-TeX on input line 61.
\captionmargin=\dimen176
\captionmargin@=\dimen177
\captionwidth=\dimen178
\caption@tempdima=\dimen179
\caption@indent=\dimen180
\caption@parindent=\dimen181
\caption@hangindent=\dimen182
Package caption Info: Standard document class detected.
)
\c@caption@flags=\count276
\c@continuedfloat=\count277
Package caption Info: hyperref package is loaded.
)
(/usr/share/texlive/texmf-dist/tex/latex/listings/listings.sty
\lst@mode=\count278
\lst@gtempboxa=\box49
\lst@token=\toks25
\lst@length=\count279
\lst@currlwidth=\dimen183
\lst@column=\count280
\lst@pos=\count281
\lst@lostspace=\dimen184
\lst@width=\dimen185
\lst@newlines=\count282
\lst@lineno=\count283
\lst@maxwidth=\dimen186

(/usr/share/texlive/texmf-dist/tex/latex/listings/lstmisc.sty
File: lstmisc.sty 2019/09/10 1.8c (Carsten Heinz)
\c@lstnumber=\count284
\lst@skipnumbers=\count285
\lst@framebox=\box50
)
(/usr/share/texlive/texmf-dist/tex/latex/listings/listings.cfg
File: listings.cfg 2019/09/10 1.8c listings configuration
))
Package: listings 2019/09/10 1.8c (Carsten Heinz)
)
(/usr/share/texlive/texmf-dist/tex/latex/float/float.sty
Package: float 2001/11/08 v1.3d Float enhancements (AL)
\c@float@type=\count286
\float@exts=\toks26
\float@box=\box51
\@float@everytoks=\toks27
\@floatcapt=\box52
)
(/usr/share/texlive/texmf-dist/tex/latex/l3backend/l3backend-pdfmode.def
File: l3backend-pdfmode.def 2020-02-03 L3 backend support: PDF mode
\l__kernel_color_stack_int=\count287
\l__pdf_internal_box=\box53
)

LaTeX Warning: Unused global option(s):
    [14pt].

(./main.aux)
\openout1 = `main.aux'.

LaTeX Font Info:    Checking defaults for OML/cmm/m/it on input line 7.
LaTeX Font Info:    ... okay on input line 7.
LaTeX Font Info:    Checking defaults for OMS/cmsy/m/n on input line 7.
LaTeX Font Info:    ... okay on input line 7.
LaTeX Font Info:    Checking defaults for OT1/cmr/m/n on input line 7.
LaTeX Font Info:    ... okay on input line 7.
LaTeX Font Info:    Checking defaults for T1/cmr/m/n on input line 7.
LaTeX Font Info:    ... okay on input line 7.
LaTeX Font Info:    Checking defaults for TS1/cmr/m/n on input line 7.
LaTeX Font Info:    ... okay on input line 7.
LaTeX Font Info:    Checking defaults for OMX/cmex/m/n on input line 7.
LaTeX Font Info:    ... okay on input line 7.
LaTeX Font Info:    Checking defaults for U/cmr/m/n on input line 7.
LaTeX Font Info:    ... okay on input line 7.
LaTeX Font Info:    Checking defaults for T2A/cmr/m/n on input line 7.
LaTeX Font Info:    ... okay on input line 7.
LaTeX Font Info:    Checking defaults for PD1/pdf/m/n on input line 7.
LaTeX Font Info:    ... okay on input line 7.
LaTeX Font Info:    Checking defaults for PU/pdf/m/n on input line 7.
LaTeX Font Info:    ... okay on input line 7.

*geometry* driver: auto-detecting
*geometry* detected driver: pdftex
*geometry* verbose mode - [ preamble ] result:
* driver: pdftex
* paper: a4paper
* layout: <same size as paper>
* layoutoffset:(h,v)=(0.0pt,0.0pt)
* modes: 
* h-part:(L,W,R)=(85.35826pt, 483.69687pt, 28.45274pt)
* v-part:(T,H,B)=(56.9055pt, 731.23584pt, 56.9055pt)
* \paperwidth=597.50787pt
* \paperheight=845.04684pt
* \textwidth=483.69687pt
* \textheight=731.23584pt
* \oddsidemargin=13.08827pt
* \evensidemargin=13.08827pt
* \topmargin=-52.36449pt
* \headheight=12.0pt
* \headsep=25.0pt
* \topskip=10.0pt
* \footskip=30.0pt
* \marginparwidth=57.0pt
* \marginparsep=11.0pt
* \columnsep=10.0pt
* \skip\footins=9.0pt plus 4.0pt minus 2.0pt
* \hoffset=0.0pt
* \voffset=0.0pt
* \mag=1000
* \@twocolumnfalse
* \@twosidefalse
* \@mparswitchfalse
* \@reversemarginfalse
* (1in=72.27pt=25.4mm, 1cm=28.453pt)

\AtBeginShipoutBox=\box54
Package hyperref Info: Link coloring OFF on input line 7.
(/usr/share/texlive/texmf-dist/tex/latex/hyperref/nameref.sty
Package: nameref 2019/09/16 v2.46 Cross-referencing by name of section

(/usr/share/texlive/texmf-dist/tex/latex/refcount/refcount.sty
Package: refcount 2019/12/15 v3.6 Data extraction from label references (HO)
)
(/usr/share/texlive/texmf-dist/tex/generic/gettitlestring/gettitlestring.sty
Package: gettitlestring 2019/12/15 v1.6 Cleanup title references (HO)
)
\c@section@level=\count288
)
LaTeX Info: Redefining \ref on input line 7.
LaTeX Info: Redefining \pageref on input line 7.
LaTeX Info: Redefining \nameref on input line 7.

(./main.out) (./main.out)
\@outlinefile=\write3
\openout3 = `main.out'.


(/usr/share/texlive/texmf-dist/tex/context/base/mkii/supp-pdf.mkii
[Loading MPS to PDF converter (version 2006.09.02).]
\scratchcounter=\count289
\scratchdimen=\dimen187
\scratchbox=\box55
\nofMPsegments=\count290
\nofMParguments=\count291
\everyMPshowfont=\toks28
\MPscratchCnt=\count292
\MPscratchDim=\dimen188
\MPnumerator=\count293
\makeMPintoPDFobject=\count294
\everyMPtoPDFconversion=\toks29
) (/usr/share/texlive/texmf-dist/tex/latex/epstopdf-pkg/epstopdf-base.sty
Package: epstopdf-base 2020-01-24 v2.11 Base part for package epstopdf
Package epstopdf-base Info: Redefining graphics rule for `.eps' on input line 4
85.

(/usr/share/texlive/texmf-dist/tex/latex/latexconfig/epstopdf-sys.cfg
File: epstopdf-sys.cfg 2010/07/13 v1.3 Configuration of (r)epstopdf for TeX Liv
e
))
Package caption Info: Begin \AtBeginDocument code.
Package caption Info: float package is loaded.
Package caption Info: listings package is loaded.
Package caption Info: End \AtBeginDocument code.
\c@lstlisting=\count295

(./body/title.tex [1

{/var/lib/texmf/fonts/map/pdftex/updmap/pdftex.map}])
(./body/body.tex (./body/tables/table_task.tex<<ot1.cmap>><<oml.cmap>><<oms.cma
p>><<omx.cmap>>
Overfull \vbox (17.45917pt too high) detected at line 25
 []


Overfull \vbox (6.90619pt too high) detected at line 25
 []


Overfull \vbox (6.90619pt too high) detected at line 25
 []


Overfull \vbox (6.90619pt too high) detected at line 25
 []


Overfull \vbox (6.90619pt too high) detected at line 25
 []


Overfull \vbox (6.90619pt too high) detected at line 25
 []


Overfull \vbox (17.45917pt too high) detected at line 25
 []


Overfull \vbox (6.90619pt too high) detected at line 25
 []


Overfull \vbox (6.90619pt too high) detected at line 25
 []


Overfull \vbox (6.90619pt too high) detected at line 25
 []


Overfull \vbox (6.90619pt too high) detected at line 25
 []


Overfull \vbox (6.90619pt too high) detected at line 25
 []


Overfull \vbox (17.45917pt too high) detected at line 25
 []


Overfull \vbox (6.90619pt too high) detected at line 25
 []


Overfull \vbox (6.90619pt too high) detected at line 25
 []


Overfull \vbox (6.90619pt too high) detected at line 25
 []


Overfull \vbox (6.90619pt too high) detected at line 25
 []


Overfull \vbox (6.90619pt too high) detected at line 25
 []

) (./body/tables/table_example_process.tex
Overfull \vbox (18.0pt too high) detected at line 26
 []


Overfull \vbox (18.0pt too high) detected at line 26
 []


Overfull \vbox (18.0pt too high) detected at line 26
 []


Overfull \hbox (6.53871pt too wide) in paragraph at lines 26--26
\T2A/cmr/m/n/10 процесс 
 []


Overfull \vbox (18.0pt too high) detected at line 26
 []


Overfull \hbox (8.5359pt too wide) in paragraph at lines 26--26
 []|[]| 
 []


Overfull \hbox (2.29738pt too wide) in paragraph at lines 26--26
 []|\T2A/cmr/m/n/10 F10| 
 []

) (./body/tables/table_op_files_data.tex)
(./body/tables/table_output_memory.tex [2])
Overfull \hbox (7.0475pt too wide) in paragraph at lines 18--19
\OML/cmm/m/it/10 O[]$ \T2A/cmr/m/n/10 в пор€дку из поступлени€ в очередь -- лок
ально примен€етс€ бесприоритетна€ дисциплина обслуживани€
 []

[3]
Underfull \hbox (badness 10000) in paragraph at lines 29--33

 []


Underfull \hbox (badness 10000) in paragraph at lines 39--40

 []


Overfull \hbox (11.05069pt too wide) in paragraph at lines 57--59
\T2A/cmr/m/n/10 системе. јналогично определ€ютс€ длительности обслуживани€ проц
есса $\OML/cmm/m/it/10 #[]$ \T2A/cmr/m/n/10 в других $\OML/cmm/m/it/10 j$\T2A/c
mr/m/n/10 -ых функциональных
 []

(./body/tables/table_computing_vi_0.tex
Overfull \hbox (1.23369pt too wide) in paragraph at lines 40--40
 []|\T2A/cmr/m/n/10 435,148| 
 []


Overfull \hbox (1.23369pt too wide) in paragraph at lines 40--40
 []|\T2A/cmr/m/n/10 443,395| 
 []


Overfull \hbox (1.23369pt too wide) in paragraph at lines 40--40
 []|\T2A/cmr/m/n/10 449,708| 
 []


Overfull \hbox (1.23369pt too wide) in paragraph at lines 40--40
 []|\T2A/cmr/m/n/10 451,133| 
 []


Overfull \hbox (1.23369pt too wide) in paragraph at lines 40--40
 []|\T2A/cmr/m/n/10 454,729| 
 []


Overfull \hbox (1.23369pt too wide) in paragraph at lines 40--40
 []|\T2A/cmr/m/n/10 435,179| 
 []


Overfull \hbox (1.23369pt too wide) in paragraph at lines 40--40
 []|\T2A/cmr/m/n/10 878,605| 
 []


Overfull \hbox (6.23247pt too wide) in paragraph at lines 40--40
 []|\T2A/cmr/m/n/10 1328,344| 
 []


Overfull \hbox (6.23247pt too wide) in paragraph at lines 40--40
 []|\T2A/cmr/m/n/10 1779,507| 
 []


Overfull \hbox (6.23247pt too wide) in paragraph at lines 40--40
 []|\T2A/cmr/m/n/10 2234,268| 
 []


Overfull \hbox (1.23369pt too wide) in paragraph at lines 40--40
 []|\T2A/cmr/m/n/10 301,872| 
 []


Overfull \hbox (1.23369pt too wide) in paragraph at lines 40--40
 []|\T2A/cmr/m/n/10 306,625| 
 []


Overfull \hbox (1.23369pt too wide) in paragraph at lines 40--40
 []|\T2A/cmr/m/n/10 311,066| 
 []


Overfull \hbox (1.23369pt too wide) in paragraph at lines 40--40
 []|\T2A/cmr/m/n/10 313,123| 
 []


Overfull \hbox (1.23369pt too wide) in paragraph at lines 40--40
 []|\T2A/cmr/m/n/10 301,898| 
 []


Overfull \hbox (1.23369pt too wide) in paragraph at lines 40--40
 []|\T2A/cmr/m/n/10 608,549| 
 []


Overfull \hbox (1.23369pt too wide) in paragraph at lines 40--40
 []|\T2A/cmr/m/n/10 918,825| 
 []


Overfull \hbox (6.23247pt too wide) in paragraph at lines 40--40
 []|\T2A/cmr/m/n/10 1229,917| 
 []


Overfull \hbox (6.23247pt too wide) in paragraph at lines 40--40
 []|\T2A/cmr/m/n/10 1543,066| 
 []


Overfull \hbox (1.23369pt too wide) in paragraph at lines 40--40
 []|\T2A/cmr/m/n/10 221,619| 
 []


Overfull \hbox (1.23369pt too wide) in paragraph at lines 40--40
 []|\T2A/cmr/m/n/10 224,603| 
 []


Overfull \hbox (1.23369pt too wide) in paragraph at lines 40--40
 []|\T2A/cmr/m/n/10 226,874| 
 []


Overfull \hbox (1.23369pt too wide) in paragraph at lines 40--40
 []|\T2A/cmr/m/n/10 227,384| 
 []


Overfull \hbox (1.23369pt too wide) in paragraph at lines 40--40
 []|\T2A/cmr/m/n/10 228,669| 
 []


Overfull \hbox (1.23369pt too wide) in paragraph at lines 40--40
 []|\T2A/cmr/m/n/10 221,641| 
 []


Overfull \hbox (1.23369pt too wide) in paragraph at lines 40--40
 []|\T2A/cmr/m/n/10 446,267| 
 []


Overfull \hbox (1.23369pt too wide) in paragraph at lines 40--40
 []|\T2A/cmr/m/n/10 673,163| 
 []


Overfull \hbox (1.23369pt too wide) in paragraph at lines 40--40
 []|\T2A/cmr/m/n/10 900,569| 
 []


Overfull \hbox (1.23369pt too wide) in paragraph at lines 40--40
 []|\T2A/cmr/m/n/10 1129,26| 
 []


Overfull \hbox (1.23369pt too wide) in paragraph at lines 40--40
 []|\T2A/cmr/m/n/10 169,583| 
 []


Overfull \hbox (1.23369pt too wide) in paragraph at lines 40--40
 []|\T2A/cmr/m/n/10 171,578| 
 []


Overfull \hbox (1.23369pt too wide) in paragraph at lines 40--40
 []|\T2A/cmr/m/n/10 173,093| 
 []


Overfull \hbox (1.23369pt too wide) in paragraph at lines 40--40
 []|\T2A/cmr/m/n/10 173,433| 
 []


Overfull \hbox (1.23369pt too wide) in paragraph at lines 40--40
 []|\T2A/cmr/m/n/10 174,287| 
 []


Overfull \hbox (1.23369pt too wide) in paragraph at lines 40--40
 []|\T2A/cmr/m/n/10 169,602| 
 []


Overfull \hbox (1.23369pt too wide) in paragraph at lines 40--40
 []|\T2A/cmr/m/n/10 341,199| 
 []


Overfull \hbox (1.23369pt too wide) in paragraph at lines 40--40
 []|\T2A/cmr/m/n/10 514,311| 
 []


Overfull \hbox (1.23369pt too wide) in paragraph at lines 40--40
 []|\T2A/cmr/m/n/10 687,763| 
 []


Overfull \hbox (1.23369pt too wide) in paragraph at lines 40--40
 []|\T2A/cmr/m/n/10 133,934| 
 []


Overfull \hbox (1.23369pt too wide) in paragraph at lines 40--40
 []|\T2A/cmr/m/n/10 135,332| 
 []


Overfull \hbox (1.23369pt too wide) in paragraph at lines 40--40
 []|\T2A/cmr/m/n/10 136,393| 
 []


Overfull \hbox (1.23369pt too wide) in paragraph at lines 40--40
 []|\T2A/cmr/m/n/10 137,228| 
 []


Overfull \hbox (1.23369pt too wide) in paragraph at lines 40--40
 []|\T2A/cmr/m/n/10 133,951| 
 []


Overfull \hbox (1.23369pt too wide) in paragraph at lines 40--40
 []|\T2A/cmr/m/n/10 542,358| 
 []


Overfull \hbox (1.23369pt too wide) in paragraph at lines 40--40
 []|\T2A/cmr/m/n/10 679,603| 
 []


Overfull \hbox (1.23369pt too wide) in paragraph at lines 40--40
 []|\T2A/cmr/m/n/10 108,449| 
 []


Overfull \hbox (1.23369pt too wide) in paragraph at lines 40--40
 []|\T2A/cmr/m/n/10 109,467| 
 []


Overfull \hbox (1.23369pt too wide) in paragraph at lines 40--40
 []|\T2A/cmr/m/n/10 110,238| 
 []


Overfull \hbox (1.23369pt too wide) in paragraph at lines 40--40
 []|\T2A/cmr/m/n/10 110,411| 
 []


Overfull \hbox (1.23369pt too wide) in paragraph at lines 40--40
 []|\T2A/cmr/m/n/10 110,845| 
 []


Overfull \hbox (1.23369pt too wide) in paragraph at lines 40--40
 []|\T2A/cmr/m/n/10 108,464| 
 []


Overfull \hbox (1.23369pt too wide) in paragraph at lines 40--40
 []|\T2A/cmr/m/n/10 217,946| 
 []


Overfull \hbox (1.23369pt too wide) in paragraph at lines 40--40
 []|\T2A/cmr/m/n/10 438,626| 
 []


Overfull \hbox (1.23369pt too wide) in paragraph at lines 40--40
 []|\T2A/cmr/m/n/10 549,486| 
 []


Overfull \hbox (1.23369pt too wide) in paragraph at lines 40--40
 []|\T2A/cmr/m/n/10 179,996| 
 []


Overfull \hbox (1.23369pt too wide) in paragraph at lines 40--40
 []|\T2A/cmr/m/n/10 270,954| 
 []


Overfull \hbox (1.23369pt too wide) in paragraph at lines 40--40
 []|\T2A/cmr/m/n/10 362,041| 
 []


Overfull \hbox (1.23369pt too wide) in paragraph at lines 40--40
 []|\T2A/cmr/m/n/10 453,454| 
 []


Overfull \hbox (1.23369pt too wide) in paragraph at lines 40--40
 []|\T2A/cmr/m/n/10 151,159| 
 []


Overfull \hbox (1.23369pt too wide) in paragraph at lines 40--40
 []|\T2A/cmr/m/n/10 227,477| 
 []


Overfull \hbox (1.23369pt too wide) in paragraph at lines 40--40
 []|\T2A/cmr/m/n/10 303,895| 
 []


Overfull \hbox (1.23369pt too wide) in paragraph at lines 40--40
 []|\T2A/cmr/m/n/10 380,562| 
 []


Overfull \hbox (1.23369pt too wide) in paragraph at lines 40--40
 []|\T2A/cmr/m/n/10 128,736| 
 []


Overfull \hbox (1.23369pt too wide) in paragraph at lines 40--40
 []|\T2A/cmr/m/n/10 193,684| 
 []


Overfull \hbox (1.23369pt too wide) in paragraph at lines 40--40
 []|\T2A/cmr/m/n/10 323,932| 
 []


Overfull \hbox (1.23369pt too wide) in paragraph at lines 40--40
 []|\T2A/cmr/m/n/10 110,956| 
 []


Overfull \hbox (1.23369pt too wide) in paragraph at lines 40--40
 []|\T2A/cmr/m/n/10 166,897| 
 []


Overfull \hbox (1.23369pt too wide) in paragraph at lines 40--40
 []|\T2A/cmr/m/n/10 222,902| 
 []


Overfull \hbox (1.23369pt too wide) in paragraph at lines 40--40
 []|\T2A/cmr/m/n/10 279,063| 
 []


Overfull \hbox (1.23369pt too wide) in paragraph at lines 40--40
 []|\T2A/cmr/m/n/10 145,307| 
 []


Overfull \hbox (1.23369pt too wide) in paragraph at lines 40--40
 []|\T2A/cmr/m/n/10 194,045| 
 []


Overfull \hbox (1.23369pt too wide) in paragraph at lines 40--40
 []|\T2A/cmr/m/n/10 127,651| 
 []


Overfull \hbox (1.23369pt too wide) in paragraph at lines 40--40
 []|\T2A/cmr/m/n/10 213,353| 
 []


Overfull \hbox (1.23369pt too wide) in paragraph at lines 40--40
 []|\T2A/cmr/m/n/10 113,028| 
 []


Overfull \hbox (1.23369pt too wide) in paragraph at lines 40--40
 []|\T2A/cmr/m/n/10 150,911| 
 []


Overfull \hbox (1.23369pt too wide) in paragraph at lines 40--40
 []|\T2A/cmr/m/n/10 188,881| 
 []


Overfull \hbox (1.23369pt too wide) in paragraph at lines 40--40
 []|\T2A/cmr/m/n/10 100,781| 
 []


Overfull \hbox (1.23369pt too wide) in paragraph at lines 40--40
 []|\T2A/cmr/m/n/10 134,549| 
 []


Overfull \hbox (1.23369pt too wide) in paragraph at lines 40--40
 []|\T2A/cmr/m/n/10 120,711| 
 []


Overfull \hbox (1.23369pt too wide) in paragraph at lines 40--40
 []|\T2A/cmr/m/n/10 151,062| 
 []


Overfull \hbox (1.23369pt too wide) in paragraph at lines 40--40
 []|\T2A/cmr/m/n/10 108,903| 
 []


Overfull \hbox (1.23369pt too wide) in paragraph at lines 40--40
 []|\T2A/cmr/m/n/10 136,277| 
 []


Overfull \hbox (1.23369pt too wide) in paragraph at lines 40--40
 []|\T2A/cmr/m/n/10 123,561| 
 []


Overfull \hbox (1.23369pt too wide) in paragraph at lines 40--40
 []|\T2A/cmr/m/n/10 112,546| 
 []

) (./body/tables/table_computing_vi_1.tex
Overfull \hbox (1.23369pt too wide) in paragraph at lines 41--41
 []|\T2A/cmr/m/n/10 870,296| 
 []


Overfull \hbox (1.23369pt too wide) in paragraph at lines 41--41
 []|\T2A/cmr/m/n/10 899,415| 
 []


Overfull \hbox (1.23369pt too wide) in paragraph at lines 41--41
 []|\T2A/cmr/m/n/10 902,265| 
 []


Overfull \hbox (1.23369pt too wide) in paragraph at lines 41--41
 []|\T2A/cmr/m/n/10 909,459| 
 []


Overfull \hbox (1.23369pt too wide) in paragraph at lines 41--41
 []|\T2A/cmr/m/n/10 870,327| 
 []


Overfull \hbox (6.23247pt too wide) in paragraph at lines 41--41
 []|\T2A/cmr/m/n/10 1757,148| 
 []


Overfull \hbox (6.23247pt too wide) in paragraph at lines 41--41
 []|\T2A/cmr/m/n/10 2656,594| 
 []


Overfull \hbox (1.23369pt too wide) in paragraph at lines 41--41
 []|\T2A/cmr/m/n/10 3558,89| 
 []


Overfull \hbox (1.23369pt too wide) in paragraph at lines 41--41
 []|\T2A/cmr/m/n/10 4468,38| 
 []


Overfull \hbox (1.23369pt too wide) in paragraph at lines 41--41
 []|\T2A/cmr/m/n/10 603,744| 
 []


Overfull \hbox (1.23369pt too wide) in paragraph at lines 41--41
 []|\T2A/cmr/m/n/10 622,133| 
 []


Overfull \hbox (1.23369pt too wide) in paragraph at lines 41--41
 []|\T2A/cmr/m/n/10 626,247| 
 []


Overfull \hbox (6.23247pt too wide) in paragraph at lines 41--41
 []|\T2A/cmr/m/n/10 1217,046| 
 []


Overfull \hbox (6.23247pt too wide) in paragraph at lines 41--41
 []|\T2A/cmr/m/n/10 1837,572| 
 []


Overfull \hbox (6.23247pt too wide) in paragraph at lines 41--41
 []|\T2A/cmr/m/n/10 2459,731| 
 []


Overfull \hbox (6.23247pt too wide) in paragraph at lines 41--41
 []|\T2A/cmr/m/n/10 3086,003| 
 []


Overfull \hbox (1.23369pt too wide) in paragraph at lines 41--41
 []|\T2A/cmr/m/n/10 443,238| 
 []


Overfull \hbox (1.23369pt too wide) in paragraph at lines 41--41
 []|\T2A/cmr/m/n/10 449,206| 
 []


Overfull \hbox (1.23369pt too wide) in paragraph at lines 41--41
 []|\T2A/cmr/m/n/10 453,748| 
 []


Overfull \hbox (1.23369pt too wide) in paragraph at lines 41--41
 []|\T2A/cmr/m/n/10 454,768| 
 []


Overfull \hbox (1.23369pt too wide) in paragraph at lines 41--41
 []|\T2A/cmr/m/n/10 457,337| 
 []


Overfull \hbox (1.23369pt too wide) in paragraph at lines 41--41
 []|\T2A/cmr/m/n/10 443,261| 
 []


Overfull \hbox (1.23369pt too wide) in paragraph at lines 41--41
 []|\T2A/cmr/m/n/10 892,489| 
 []


Overfull \hbox (6.23247pt too wide) in paragraph at lines 41--41
 []|\T2A/cmr/m/n/10 1346,259| 
 []


Overfull \hbox (1.23369pt too wide) in paragraph at lines 41--41
 []|\T2A/cmr/m/n/10 1801,05| 
 []


Overfull \hbox (6.23247pt too wide) in paragraph at lines 41--41
 []|\T2A/cmr/m/n/10 2258,409| 
 []


Overfull \hbox (1.23369pt too wide) in paragraph at lines 41--41
 []|\T2A/cmr/m/n/10 339,166| 
 []


Overfull \hbox (1.23369pt too wide) in paragraph at lines 41--41
 []|\T2A/cmr/m/n/10 343,155| 
 []


Overfull \hbox (1.23369pt too wide) in paragraph at lines 41--41
 []|\T2A/cmr/m/n/10 346,185| 
 []


Overfull \hbox (1.23369pt too wide) in paragraph at lines 41--41
 []|\T2A/cmr/m/n/10 346,865| 
 []


Overfull \hbox (1.23369pt too wide) in paragraph at lines 41--41
 []|\T2A/cmr/m/n/10 348,575| 
 []


Overfull \hbox (1.23369pt too wide) in paragraph at lines 41--41
 []|\T2A/cmr/m/n/10 339,185| 
 []


Overfull \hbox (6.23247pt too wide) in paragraph at lines 41--41
 []|\T2A/cmr/m/n/10 1028,564| 
 []


Overfull \hbox (6.23247pt too wide) in paragraph at lines 41--41
 []|\T2A/cmr/m/n/10 1375,448| 
 []


Overfull \hbox (6.23247pt too wide) in paragraph at lines 41--41
 []|\T2A/cmr/m/n/10 1724,043| 
 []


Overfull \hbox (1.23369pt too wide) in paragraph at lines 41--41
 []|\T2A/cmr/m/n/10 267,867| 
 []


Overfull \hbox (1.23369pt too wide) in paragraph at lines 41--41
 []|\T2A/cmr/m/n/10 270,664| 
 []


Overfull \hbox (1.23369pt too wide) in paragraph at lines 41--41
 []|\T2A/cmr/m/n/10 272,785| 
 []


Overfull \hbox (1.23369pt too wide) in paragraph at lines 41--41
 []|\T2A/cmr/m/n/10 273,261| 
 []


Overfull \hbox (1.23369pt too wide) in paragraph at lines 41--41
 []|\T2A/cmr/m/n/10 274,456| 
 []


Overfull \hbox (1.23369pt too wide) in paragraph at lines 41--41
 []|\T2A/cmr/m/n/10 267,884| 
 []


Overfull \hbox (1.23369pt too wide) in paragraph at lines 41--41
 []|\T2A/cmr/m/n/10 538,566| 
 []


Overfull \hbox (1.23369pt too wide) in paragraph at lines 41--41
 []|\T2A/cmr/m/n/10 811,368| 
 []


Overfull \hbox (6.23247pt too wide) in paragraph at lines 41--41
 []|\T2A/cmr/m/n/10 1084,646| 
 []


Overfull \hbox (6.23247pt too wide) in paragraph at lines 41--41
 []|\T2A/cmr/m/n/10 1359,119| 
 []


Overfull \hbox (1.23369pt too wide) in paragraph at lines 41--41
 []|\T2A/cmr/m/n/10 216,897| 
 []


Overfull \hbox (1.23369pt too wide) in paragraph at lines 41--41
 []|\T2A/cmr/m/n/10 218,933| 
 []


Overfull \hbox (1.23369pt too wide) in paragraph at lines 41--41
 []|\T2A/cmr/m/n/10 220,476| 
 []


Overfull \hbox (1.23369pt too wide) in paragraph at lines 41--41
 []|\T2A/cmr/m/n/10 220,822| 
 []


Overfull \hbox (1.23369pt too wide) in paragraph at lines 41--41
 []|\T2A/cmr/m/n/10 221,689| 
 []


Overfull \hbox (1.23369pt too wide) in paragraph at lines 41--41
 []|\T2A/cmr/m/n/10 216,913| 
 []


Overfull \hbox (1.23369pt too wide) in paragraph at lines 41--41
 []|\T2A/cmr/m/n/10 435,862| 
 []


Overfull \hbox (1.23369pt too wide) in paragraph at lines 41--41
 []|\T2A/cmr/m/n/10 656,353| 
 []


Overfull \hbox (6.23247pt too wide) in paragraph at lines 41--41
 []|\T2A/cmr/m/n/10 1098,895| 
 []


Overfull \hbox (1.23369pt too wide) in paragraph at lines 41--41
 []|\T2A/cmr/m/n/10 179,203| 
 []


Overfull \hbox (1.23369pt too wide) in paragraph at lines 41--41
 []|\T2A/cmr/m/n/10 180,731| 
 []


Overfull \hbox (1.23369pt too wide) in paragraph at lines 41--41
 []|\T2A/cmr/m/n/10 181,888| 
 []


Overfull \hbox (1.23369pt too wide) in paragraph at lines 41--41
 []|\T2A/cmr/m/n/10 182,147| 
 []


Overfull \hbox (1.23369pt too wide) in paragraph at lines 41--41
 []|\T2A/cmr/m/n/10 182,797| 
 []


Overfull \hbox (1.23369pt too wide) in paragraph at lines 41--41
 []|\T2A/cmr/m/n/10 179,217| 
 []


Overfull \hbox (1.23369pt too wide) in paragraph at lines 41--41
 []|\T2A/cmr/m/n/10 359,963| 
 []


Overfull \hbox (1.23369pt too wide) in paragraph at lines 41--41
 []|\T2A/cmr/m/n/10 541,865| 
 []


Overfull \hbox (1.23369pt too wide) in paragraph at lines 41--41
 []|\T2A/cmr/m/n/10 724,026| 
 []


Overfull \hbox (1.23369pt too wide) in paragraph at lines 41--41
 []|\T2A/cmr/m/n/10 906,837| 
 []


Overfull \hbox (1.23369pt too wide) in paragraph at lines 41--41
 []|\T2A/cmr/m/n/10 150,545| 
 []


Overfull \hbox (1.23369pt too wide) in paragraph at lines 41--41
 []|\T2A/cmr/m/n/10 151,721| 
 []


Overfull \hbox (1.23369pt too wide) in paragraph at lines 41--41
 []|\T2A/cmr/m/n/10 152,809| 
 []


Overfull \hbox (1.23369pt too wide) in paragraph at lines 41--41
 []|\T2A/cmr/m/n/10 153,309| 
 []


Overfull \hbox (1.23369pt too wide) in paragraph at lines 41--41
 []|\T2A/cmr/m/n/10 150,558| 
 []


Overfull \hbox (1.23369pt too wide) in paragraph at lines 41--41
 []|\T2A/cmr/m/n/10 302,292| 
 []


Overfull \hbox (1.23369pt too wide) in paragraph at lines 41--41
 []|\T2A/cmr/m/n/10 454,915| 
 []


Overfull \hbox (1.23369pt too wide) in paragraph at lines 41--41
 []|\T2A/cmr/m/n/10 607,737| 
 []


Overfull \hbox (1.23369pt too wide) in paragraph at lines 41--41
 []|\T2A/cmr/m/n/10 761,059| 
 []


Overfull \hbox (1.23369pt too wide) in paragraph at lines 41--41
 []|\T2A/cmr/m/n/10 129,174| 
 []


Overfull \hbox (1.23369pt too wide) in paragraph at lines 41--41
 []|\T2A/cmr/m/n/10 129,872| 
 []


Overfull \hbox (1.23369pt too wide) in paragraph at lines 41--41
 []|\T2A/cmr/m/n/10 130,028| 
 []


Overfull \hbox (1.23369pt too wide) in paragraph at lines 41--41
 []|\T2A/cmr/m/n/10 128,262| 
 []


Overfull \hbox (1.23369pt too wide) in paragraph at lines 41--41
 []|\T2A/cmr/m/n/10 257,447| 
 []


Overfull \hbox (1.23369pt too wide) in paragraph at lines 41--41
 []|\T2A/cmr/m/n/10 387,331| 
 []


Overfull \hbox (1.23369pt too wide) in paragraph at lines 41--41
 []|\T2A/cmr/m/n/10 517,372| 
 []


Overfull \hbox (1.23369pt too wide) in paragraph at lines 41--41
 []|\T2A/cmr/m/n/10 647,804| 
 []


Overfull \hbox (1.23369pt too wide) in paragraph at lines 41--41
 []|\T2A/cmr/m/n/10 110,564| 
 []


Overfull \hbox (1.23369pt too wide) in paragraph at lines 41--41
 []|\T2A/cmr/m/n/10 111,303| 
 []


Overfull \hbox (1.23369pt too wide) in paragraph at lines 41--41
 []|\T2A/cmr/m/n/10 111,862| 
 []


Overfull \hbox (1.23369pt too wide) in paragraph at lines 41--41
 []|\T2A/cmr/m/n/10 111,986| 
 []


Overfull \hbox (1.23369pt too wide) in paragraph at lines 41--41
 []|\T2A/cmr/m/n/10 110,575| 
 []


Overfull \hbox (1.23369pt too wide) in paragraph at lines 41--41
 []|\T2A/cmr/m/n/10 221,889| 
 []


Overfull \hbox (1.23369pt too wide) in paragraph at lines 41--41
 []|\T2A/cmr/m/n/10 333,762| 
 []


Overfull \hbox (1.23369pt too wide) in paragraph at lines 41--41
 []|\T2A/cmr/m/n/10 445,759| 
 []


Overfull \hbox (1.23369pt too wide) in paragraph at lines 41--41
 []|\T2A/cmr/m/n/10 193,219| 
 []


Overfull \hbox (1.23369pt too wide) in paragraph at lines 41--41
 []|\T2A/cmr/m/n/10 290,583| 
 []


Overfull \hbox (1.23369pt too wide) in paragraph at lines 41--41
 []|\T2A/cmr/m/n/10 388,048| 
 []


Overfull \hbox (1.23369pt too wide) in paragraph at lines 41--41
 []|\T2A/cmr/m/n/10 485,768| 
 []


Overfull \hbox (1.23369pt too wide) in paragraph at lines 41--41
 []|\T2A/cmr/m/n/10 169,768| 
 []


Overfull \hbox (1.23369pt too wide) in paragraph at lines 41--41
 []|\T2A/cmr/m/n/10 255,273| 
 []


Overfull \hbox (1.23369pt too wide) in paragraph at lines 41--41
 []|\T2A/cmr/m/n/10 340,861| 
 []


Overfull \hbox (1.23369pt too wide) in paragraph at lines 41--41
 []|\T2A/cmr/m/n/10 426,658| 
 []


Overfull \hbox (1.23369pt too wide) in paragraph at lines 41--41
 []|\T2A/cmr/m/n/10 150,341| 
 []


Overfull \hbox (1.23369pt too wide) in paragraph at lines 41--41
 []|\T2A/cmr/m/n/10 226,028| 
 []


Overfull \hbox (1.23369pt too wide) in paragraph at lines 41--41
 []|\T2A/cmr/m/n/10 301,785| 
 []


Overfull \hbox (1.23369pt too wide) in paragraph at lines 41--41
 []|\T2A/cmr/m/n/10 377,716| 
 []


Overfull \hbox (1.23369pt too wide) in paragraph at lines 41--41
 []|\T2A/cmr/m/n/10 134,067| 
 []


Overfull \hbox (1.23369pt too wide) in paragraph at lines 41--41
 []|\T2A/cmr/m/n/10 201,536| 
 []


Overfull \hbox (1.23369pt too wide) in paragraph at lines 41--41
 []|\T2A/cmr/m/n/10 269,063| 
 []


Overfull \hbox (1.23369pt too wide) in paragraph at lines 41--41
 []|\T2A/cmr/m/n/10 336,737| 
 []


Overfull \hbox (1.23369pt too wide) in paragraph at lines 41--41
 []|\T2A/cmr/m/n/10 120,299| 
 []


Overfull \hbox (1.23369pt too wide) in paragraph at lines 41--41
 []|\T2A/cmr/m/n/10 180,819| 
 []


Overfull \hbox (1.23369pt too wide) in paragraph at lines 41--41
 []|\T2A/cmr/m/n/10 241,389| 
 []


Overfull \hbox (1.23369pt too wide) in paragraph at lines 41--41
 []|\T2A/cmr/m/n/10 302,082| 
 []


Overfull \hbox (1.23369pt too wide) in paragraph at lines 41--41
 []|\T2A/cmr/m/n/10 108,549| 
 []


Overfull \hbox (1.23369pt too wide) in paragraph at lines 41--41
 []|\T2A/cmr/m/n/10 217,774| 
 []


Overfull \hbox (1.23369pt too wide) in paragraph at lines 41--41
 []|\T2A/cmr/m/n/10 272,515| 
 []


Overfull \hbox (1.23369pt too wide) in paragraph at lines 41--41
 []|\T2A/cmr/m/n/10 147,933| 
 []


Overfull \hbox (1.23369pt too wide) in paragraph at lines 41--41
 []|\T2A/cmr/m/n/10 197,463| 
 []


Overfull \hbox (1.23369pt too wide) in paragraph at lines 41--41
 []|\T2A/cmr/m/n/10 247,085| 
 []


Overfull \hbox (1.23369pt too wide) in paragraph at lines 41--41
 []|\T2A/cmr/m/n/10 134,757| 
 []


Overfull \hbox (1.23369pt too wide) in paragraph at lines 41--41
 []|\T2A/cmr/m/n/10 179,867| 
 []


Overfull \hbox (1.23369pt too wide) in paragraph at lines 41--41
 []|\T2A/cmr/m/n/10 225,056| 
 []


Overfull \hbox (1.23369pt too wide) in paragraph at lines 41--41
 []|\T2A/cmr/m/n/10 123,266| 
 []


Overfull \hbox (1.23369pt too wide) in paragraph at lines 41--41
 []|\T2A/cmr/m/n/10 164,522| 
 []


Overfull \hbox (1.23369pt too wide) in paragraph at lines 41--41
 []|\T2A/cmr/m/n/10 205,847| 
 []


Overfull \hbox (1.23369pt too wide) in paragraph at lines 41--41
 []|\T2A/cmr/m/n/10 113,185| 
 []


Overfull \hbox (1.23369pt too wide) in paragraph at lines 41--41
 []|\T2A/cmr/m/n/10 188,996| 
 []


Overfull \hbox (1.23369pt too wide) in paragraph at lines 41--41
 []|\T2A/cmr/m/n/10 104,292| 
 []


Overfull \hbox (1.23369pt too wide) in paragraph at lines 41--41
 []|\T2A/cmr/m/n/10 139,185| 
 []


Overfull \hbox (1.23369pt too wide) in paragraph at lines 41--41
 []|\T2A/cmr/m/n/10 174,133| 
 []

[4]) [5]
Overfull \hbox (29.35829pt too wide) in paragraph at lines 65--66
[]\T2A/cmr/m/n/10 √рафики зависимости при производительности процессора $\OML/c
mm/m/it/10 V[]$\T2A/cmr/m/n/10 , относительными приоритетами представлены
 []

<body/img/img_1.png, id=64, 484.81125pt x 289.08pt>
File: body/img/img_1.png Graphic file (type png)
<use body/img/img_1.png>
Package pdftex.def Info: body/img/img_1.png  used on input line 69.
(pdftex.def)             Requested size: 339.36555pt x 202.35461pt.
<body/img/img_2.png, id=66, 484.81125pt x 289.08pt>
File: body/img/img_2.png Graphic file (type png)
<use body/img/img_2.png>
Package pdftex.def Info: body/img/img_2.png  used on input line 76.
(pdftex.def)             Requested size: 339.36555pt x 202.35461pt.
[6 <./body/img/img_1.png>]
<body/img/img_3.png, id=74, 484.81125pt x 289.08pt>
File: body/img/img_3.png Graphic file (type png)
<use body/img/img_3.png>
Package pdftex.def Info: body/img/img_3.png  used on input line 83.
(pdftex.def)             Requested size: 339.36555pt x 202.35461pt.
<body/img/img_4.png, id=75, 484.81125pt x 289.08pt>
File: body/img/img_4.png Graphic file (type png)
<use body/img/img_4.png>
Package pdftex.def Info: body/img/img_4.png  used on input line 90.
(pdftex.def)             Requested size: 339.36555pt x 202.35461pt.
 [7 <./body/img/img_2.png> <./body/img/img_3.png>]
Underfull \hbox (badness 10000) in paragraph at lines 116--121

 []

(./body/tables/table_result_computing_vi_0.tex
Overfull \hbox (1.23369pt too wide) in paragraph at lines 40--40
 []|\T2A/cmr/m/n/10 435,148| 
 []


Overfull \hbox (1.23369pt too wide) in paragraph at lines 40--40
 []|\T2A/cmr/m/n/10 639,238| 
 []


Overfull \hbox (6.23247pt too wide) in paragraph at lines 40--40
 []|\T2A/cmr/m/n/10 1038,165| 
 []


Overfull \hbox (6.23247pt too wide) in paragraph at lines 40--40
 []|\T2A/cmr/m/n/10 1089,638| 
 []


Overfull \hbox (6.23247pt too wide) in paragraph at lines 40--40
 []|\T2A/cmr/m/n/10 1146,736| 
 []


Overfull \hbox (1.23369pt too wide) in paragraph at lines 40--40
 []|\T2A/cmr/m/n/10 435,179| 
 []


Overfull \hbox (6.23247pt too wide) in paragraph at lines 40--40
 []|\T2A/cmr/m/n/10 1074,448| 
 []


Overfull \hbox (6.23247pt too wide) in paragraph at lines 40--40
 []|\T2A/cmr/m/n/10 2112,644| 
 []


Overfull \hbox (6.23247pt too wide) in paragraph at lines 40--40
 []|\T2A/cmr/m/n/10 3202,313| 
 []


Overfull \hbox (1.23369pt too wide) in paragraph at lines 40--40
 []|\T2A/cmr/m/n/10 4349,08| 
 []


Overfull \hbox (1.23369pt too wide) in paragraph at lines 40--40
 []|\T2A/cmr/m/n/10 301,872| 
 []


Overfull \hbox (1.23369pt too wide) in paragraph at lines 40--40
 []|\T2A/cmr/m/n/10 442,198| 
 []


Overfull \hbox (1.23369pt too wide) in paragraph at lines 40--40
 []|\T2A/cmr/m/n/10 717,505| 
 []


Overfull \hbox (1.23369pt too wide) in paragraph at lines 40--40
 []|\T2A/cmr/m/n/10 791,396| 
 []


Overfull \hbox (1.23369pt too wide) in paragraph at lines 40--40
 []|\T2A/cmr/m/n/10 301,898| 
 []


Overfull \hbox (1.23369pt too wide) in paragraph at lines 40--40
 []|\T2A/cmr/m/n/10 744,122| 
 []


Overfull \hbox (6.23247pt too wide) in paragraph at lines 40--40
 []|\T2A/cmr/m/n/10 1461,654| 
 []


Overfull \hbox (6.23247pt too wide) in paragraph at lines 40--40
 []|\T2A/cmr/m/n/10 2214,519| 
 []


Overfull \hbox (6.23247pt too wide) in paragraph at lines 40--40
 []|\T2A/cmr/m/n/10 3005,941| 
 []


Overfull \hbox (1.23369pt too wide) in paragraph at lines 40--40
 []|\T2A/cmr/m/n/10 221,619| 
 []


Overfull \hbox (1.23369pt too wide) in paragraph at lines 40--40
 []|\T2A/cmr/m/n/10 323,985| 
 []


Overfull \hbox (1.23369pt too wide) in paragraph at lines 40--40
 []|\T2A/cmr/m/n/10 525,354| 
 []


Overfull \hbox (1.23369pt too wide) in paragraph at lines 40--40
 []|\T2A/cmr/m/n/10 551,101| 
 []


Overfull \hbox (1.23369pt too wide) in paragraph at lines 40--40
 []|\T2A/cmr/m/n/10 578,862| 
 []


Overfull \hbox (1.23369pt too wide) in paragraph at lines 40--40
 []|\T2A/cmr/m/n/10 221,641| 
 []


Overfull \hbox (1.23369pt too wide) in paragraph at lines 40--40
 []|\T2A/cmr/m/n/10 545,648| 
 []


Overfull \hbox (6.23247pt too wide) in paragraph at lines 40--40
 []|\T2A/cmr/m/n/10 1071,024| 
 []


Overfull \hbox (6.23247pt too wide) in paragraph at lines 40--40
 []|\T2A/cmr/m/n/10 1622,147| 
 []


Overfull \hbox (6.23247pt too wide) in paragraph at lines 40--40
 []|\T2A/cmr/m/n/10 2201,031| 
 []


Overfull \hbox (1.23369pt too wide) in paragraph at lines 40--40
 []|\T2A/cmr/m/n/10 169,583| 
 []


Overfull \hbox (1.23369pt too wide) in paragraph at lines 40--40
 []|\T2A/cmr/m/n/10 247,539| 
 []


Overfull \hbox (1.23369pt too wide) in paragraph at lines 40--40
 []|\T2A/cmr/m/n/10 420,791| 
 []


Overfull \hbox (1.23369pt too wide) in paragraph at lines 40--40
 []|\T2A/cmr/m/n/10 441,724| 
 []


Overfull \hbox (1.23369pt too wide) in paragraph at lines 40--40
 []|\T2A/cmr/m/n/10 169,602| 
 []


Overfull \hbox (1.23369pt too wide) in paragraph at lines 40--40
 []|\T2A/cmr/m/n/10 818,379| 
 []


Overfull \hbox (1.23369pt too wide) in paragraph at lines 40--40
 []|\T2A/cmr/m/n/10 1239,19| 
 []


Overfull \hbox (6.23247pt too wide) in paragraph at lines 40--40
 []|\T2A/cmr/m/n/10 1680,934| 
 []


Overfull \hbox (1.23369pt too wide) in paragraph at lines 40--40
 []|\T2A/cmr/m/n/10 133,934| 
 []


Overfull \hbox (1.23369pt too wide) in paragraph at lines 40--40
 []|\T2A/cmr/m/n/10 195,272| 
 []


Overfull \hbox (1.23369pt too wide) in paragraph at lines 40--40
 []|\T2A/cmr/m/n/10 331,776| 
 []


Overfull \hbox (1.23369pt too wide) in paragraph at lines 40--40
 []|\T2A/cmr/m/n/10 133,951| 
 []


Overfull \hbox (1.23369pt too wide) in paragraph at lines 40--40
 []|\T2A/cmr/m/n/10 645,628| 
 []


Overfull \hbox (1.23369pt too wide) in paragraph at lines 40--40
 []|\T2A/cmr/m/n/10 977,421| 
 []


Overfull \hbox (6.23247pt too wide) in paragraph at lines 40--40
 []|\T2A/cmr/m/n/10 1325,559| 
 []


Overfull \hbox (1.23369pt too wide) in paragraph at lines 40--40
 []|\T2A/cmr/m/n/10 108,449| 
 []


Overfull \hbox (1.23369pt too wide) in paragraph at lines 40--40
 []|\T2A/cmr/m/n/10 157,968| 
 []


Overfull \hbox (1.23369pt too wide) in paragraph at lines 40--40
 []|\T2A/cmr/m/n/10 255,855| 
 []


Overfull \hbox (1.23369pt too wide) in paragraph at lines 40--40
 []|\T2A/cmr/m/n/10 268,286| 
 []


Overfull \hbox (1.23369pt too wide) in paragraph at lines 40--40
 []|\T2A/cmr/m/n/10 281,399| 
 []


Overfull \hbox (1.23369pt too wide) in paragraph at lines 40--40
 []|\T2A/cmr/m/n/10 108,464| 
 []


Overfull \hbox (1.23369pt too wide) in paragraph at lines 40--40
 []|\T2A/cmr/m/n/10 266,447| 
 []


Overfull \hbox (1.23369pt too wide) in paragraph at lines 40--40
 []|\T2A/cmr/m/n/10 522,318| 
 []


Overfull \hbox (6.23247pt too wide) in paragraph at lines 40--40
 []|\T2A/cmr/m/n/10 1072,034| 
 []


Overfull \hbox (1.23369pt too wide) in paragraph at lines 40--40
 []|\T2A/cmr/m/n/10 130,415| 
 []


Overfull \hbox (1.23369pt too wide) in paragraph at lines 40--40
 []|\T2A/cmr/m/n/10 211,177| 
 []


Overfull \hbox (1.23369pt too wide) in paragraph at lines 40--40
 []|\T2A/cmr/m/n/10 221,419| 
 []


Overfull \hbox (1.23369pt too wide) in paragraph at lines 40--40
 []|\T2A/cmr/m/n/10 232,171| 
 []


Overfull \hbox (1.23369pt too wide) in paragraph at lines 40--40
 []|\T2A/cmr/m/n/10 220,045| 
 []


Overfull \hbox (1.23369pt too wide) in paragraph at lines 40--40
 []|\T2A/cmr/m/n/10 431,236| 
 []


Overfull \hbox (1.23369pt too wide) in paragraph at lines 40--40
 []|\T2A/cmr/m/n/10 884,855| 
 []


Overfull \hbox (1.23369pt too wide) in paragraph at lines 40--40
 []|\T2A/cmr/m/n/10 109,489| 
 []


Overfull \hbox (1.23369pt too wide) in paragraph at lines 40--40
 []|\T2A/cmr/m/n/10 177,257| 
 []


Overfull \hbox (1.23369pt too wide) in paragraph at lines 40--40
 []|\T2A/cmr/m/n/10 194,816| 
 []


Overfull \hbox (1.23369pt too wide) in paragraph at lines 40--40
 []|\T2A/cmr/m/n/10 184,788| 
 []


Overfull \hbox (1.23369pt too wide) in paragraph at lines 40--40
 []|\T2A/cmr/m/n/10 362,057| 
 []


Overfull \hbox (1.23369pt too wide) in paragraph at lines 40--40
 []|\T2A/cmr/m/n/10 547,911| 
 []


Overfull \hbox (1.23369pt too wide) in paragraph at lines 40--40
 []|\T2A/cmr/m/n/10 150,898| 
 []


Overfull \hbox (1.23369pt too wide) in paragraph at lines 40--40
 []|\T2A/cmr/m/n/10 158,196| 
 []


Overfull \hbox (1.23369pt too wide) in paragraph at lines 40--40
 []|\T2A/cmr/m/n/10 165,801| 
 []


Overfull \hbox (1.23369pt too wide) in paragraph at lines 40--40
 []|\T2A/cmr/m/n/10 157,372| 
 []


Overfull \hbox (1.23369pt too wide) in paragraph at lines 40--40
 []|\T2A/cmr/m/n/10 308,282| 
 []


Overfull \hbox (1.23369pt too wide) in paragraph at lines 40--40
 []|\T2A/cmr/m/n/10 632,303| 
 []


Overfull \hbox (1.23369pt too wide) in paragraph at lines 40--40
 []|\T2A/cmr/m/n/10 142,817| 
 []


Overfull \hbox (1.23369pt too wide) in paragraph at lines 40--40
 []|\T2A/cmr/m/n/10 135,635| 
 []


Overfull \hbox (1.23369pt too wide) in paragraph at lines 40--40
 []|\T2A/cmr/m/n/10 265,656| 
 []


Overfull \hbox (1.23369pt too wide) in paragraph at lines 40--40
 []|\T2A/cmr/m/n/10 401,957| 
 []


Overfull \hbox (1.23369pt too wide) in paragraph at lines 40--40
 []|\T2A/cmr/m/n/10 544,785| 
 []


Overfull \hbox (1.23369pt too wide) in paragraph at lines 40--40
 []|\T2A/cmr/m/n/10 113,177| 
 []


Overfull \hbox (1.23369pt too wide) in paragraph at lines 40--40
 []|\T2A/cmr/m/n/10 118,639| 
 []


Overfull \hbox (1.23369pt too wide) in paragraph at lines 40--40
 []|\T2A/cmr/m/n/10 124,301| 
 []


Overfull \hbox (1.23369pt too wide) in paragraph at lines 40--40
 []|\T2A/cmr/m/n/10 118,109| 
 []


Overfull \hbox (1.23369pt too wide) in paragraph at lines 40--40
 []|\T2A/cmr/m/n/10 231,296| 
 []


Overfull \hbox (1.23369pt too wide) in paragraph at lines 40--40
 []|\T2A/cmr/m/n/10 349,945| 
 []


Overfull \hbox (1.23369pt too wide) in paragraph at lines 40--40
 []|\T2A/cmr/m/n/10 474,256| 
 []


Overfull \hbox (1.23369pt too wide) in paragraph at lines 40--40
 []|\T2A/cmr/m/n/10 104,207| 
 []


Overfull \hbox (1.23369pt too wide) in paragraph at lines 40--40
 []|\T2A/cmr/m/n/10 109,165| 
 []


Overfull \hbox (1.23369pt too wide) in paragraph at lines 40--40
 []|\T2A/cmr/m/n/10 103,773| 
 []


Overfull \hbox (1.23369pt too wide) in paragraph at lines 40--40
 []|\T2A/cmr/m/n/10 203,196| 
 []


Overfull \hbox (1.23369pt too wide) in paragraph at lines 40--40
 []|\T2A/cmr/m/n/10 307,412| 
 []


Overfull \hbox (1.23369pt too wide) in paragraph at lines 40--40
 []|\T2A/cmr/m/n/10 416,586| 
 []


Overfull \hbox (1.23369pt too wide) in paragraph at lines 40--40
 []|\T2A/cmr/m/n/10 179,922| 
 []


Overfull \hbox (1.23369pt too wide) in paragraph at lines 40--40
 []|\T2A/cmr/m/n/10 272,187| 
 []


Overfull \hbox (1.23369pt too wide) in paragraph at lines 40--40
 []|\T2A/cmr/m/n/10 368,831| 
 []


Overfull \hbox (1.23369pt too wide) in paragraph at lines 40--40
 []|\T2A/cmr/m/n/10 160,429| 
 []


Overfull \hbox (1.23369pt too wide) in paragraph at lines 40--40
 []|\T2A/cmr/m/n/10 242,688| 
 []


Overfull \hbox (1.23369pt too wide) in paragraph at lines 40--40
 []|\T2A/cmr/m/n/10 143,941| 
 []


Overfull \hbox (1.23369pt too wide) in paragraph at lines 40--40
 []|\T2A/cmr/m/n/10 217,737| 
 []


Overfull \hbox (1.23369pt too wide) in paragraph at lines 40--40
 []|\T2A/cmr/m/n/10 295,018| 
 []


Overfull \hbox (1.23369pt too wide) in paragraph at lines 40--40
 []|\T2A/cmr/m/n/10 196,445| 
 []


Overfull \hbox (1.23369pt too wide) in paragraph at lines 40--40
 []|\T2A/cmr/m/n/10 266,158| 
 []


Overfull \hbox (1.23369pt too wide) in paragraph at lines 40--40
 []|\T2A/cmr/m/n/10 117,766| 
 []


Overfull \hbox (1.23369pt too wide) in paragraph at lines 40--40
 []|\T2A/cmr/m/n/10 241,335| 
 []


Overfull \hbox (1.23369pt too wide) in paragraph at lines 40--40
 []|\T2A/cmr/m/n/10 107,279| 
 []


Overfull \hbox (1.23369pt too wide) in paragraph at lines 40--40
 []|\T2A/cmr/m/n/10 162,262| 
 []


Overfull \hbox (1.23369pt too wide) in paragraph at lines 40--40
 []|\T2A/cmr/m/n/10 219,829| 
 []


Overfull \hbox (1.23369pt too wide) in paragraph at lines 40--40
 []|\T2A/cmr/m/n/10 148,424| 
 []


Overfull \hbox (1.23369pt too wide) in paragraph at lines 40--40
 []|\T2A/cmr/m/n/10 201,075| 
 []


Overfull \hbox (1.23369pt too wide) in paragraph at lines 40--40
 []|\T2A/cmr/m/n/10 136,283| 
 []


Overfull \hbox (1.23369pt too wide) in paragraph at lines 40--40
 []|\T2A/cmr/m/n/10 184,623| 
 []


Overfull \hbox (1.23369pt too wide) in paragraph at lines 40--40
 []|\T2A/cmr/m/n/10 125,574| 
 []

) (./body/tables/table_result_computing_vi_1.tex
Overfull \hbox (1.23369pt too wide) in paragraph at lines 40--40
 []|\T2A/cmr/m/n/10 870,296| 
 []


Overfull \hbox (6.23247pt too wide) in paragraph at lines 40--40
 []|\T2A/cmr/m/n/10 1082,633| 
 []


Overfull \hbox (6.23247pt too wide) in paragraph at lines 40--40
 []|\T2A/cmr/m/n/10 1487,873| 
 []


Overfull \hbox (6.23247pt too wide) in paragraph at lines 40--40
 []|\T2A/cmr/m/n/10 1540,771| 
 []


Overfull \hbox (6.23247pt too wide) in paragraph at lines 40--40
 []|\T2A/cmr/m/n/10 1601,466| 
 []


Overfull \hbox (1.23369pt too wide) in paragraph at lines 40--40
 []|\T2A/cmr/m/n/10 870,327| 
 []


Overfull \hbox (6.23247pt too wide) in paragraph at lines 40--40
 []|\T2A/cmr/m/n/10 1952,991| 
 []


Overfull \hbox (6.23247pt too wide) in paragraph at lines 40--40
 []|\T2A/cmr/m/n/10 3440,894| 
 []


Overfull \hbox (6.23247pt too wide) in paragraph at lines 40--40
 []|\T2A/cmr/m/n/10 4981,696| 
 []


Overfull \hbox (6.23247pt too wide) in paragraph at lines 40--40
 []|\T2A/cmr/m/n/10 6583,193| 
 []


Overfull \hbox (1.23369pt too wide) in paragraph at lines 40--40
 []|\T2A/cmr/m/n/10 603,744| 
 []


Overfull \hbox (1.23369pt too wide) in paragraph at lines 40--40
 []|\T2A/cmr/m/n/10 748,823| 
 []


Overfull \hbox (6.23247pt too wide) in paragraph at lines 40--40
 []|\T2A/cmr/m/n/10 1027,756| 
 []


Overfull \hbox (6.23247pt too wide) in paragraph at lines 40--40
 []|\T2A/cmr/m/n/10 1063,906| 
 []


Overfull \hbox (6.23247pt too wide) in paragraph at lines 40--40
 []|\T2A/cmr/m/n/10 1104,519| 
 []


Overfull \hbox (6.23247pt too wide) in paragraph at lines 40--40
 []|\T2A/cmr/m/n/10 1352,619| 
 []


Overfull \hbox (6.23247pt too wide) in paragraph at lines 40--40
 []|\T2A/cmr/m/n/10 2380,401| 
 []


Overfull \hbox (6.23247pt too wide) in paragraph at lines 40--40
 []|\T2A/cmr/m/n/10 3444,333| 
 []


Overfull \hbox (6.23247pt too wide) in paragraph at lines 40--40
 []|\T2A/cmr/m/n/10 4548,878| 
 []


Overfull \hbox (1.23369pt too wide) in paragraph at lines 40--40
 []|\T2A/cmr/m/n/10 443,238| 
 []


Overfull \hbox (1.23369pt too wide) in paragraph at lines 40--40
 []|\T2A/cmr/m/n/10 548,588| 
 []


Overfull \hbox (1.23369pt too wide) in paragraph at lines 40--40
 []|\T2A/cmr/m/n/10 752,227| 
 []


Overfull \hbox (1.23369pt too wide) in paragraph at lines 40--40
 []|\T2A/cmr/m/n/10 778,485| 
 []


Overfull \hbox (1.23369pt too wide) in paragraph at lines 40--40
 []|\T2A/cmr/m/n/10 443,261| 
 []


Overfull \hbox (1.23369pt too wide) in paragraph at lines 40--40
 []|\T2A/cmr/m/n/10 991,871| 
 []


Overfull \hbox (1.23369pt too wide) in paragraph at lines 40--40
 []|\T2A/cmr/m/n/10 1744,12| 
 []


Overfull \hbox (6.23247pt too wide) in paragraph at lines 40--40
 []|\T2A/cmr/m/n/10 2522,627| 
 []


Overfull \hbox (1.23369pt too wide) in paragraph at lines 40--40
 []|\T2A/cmr/m/n/10 3330,18| 
 []


Overfull \hbox (1.23369pt too wide) in paragraph at lines 40--40
 []|\T2A/cmr/m/n/10 339,166| 
 []


Overfull \hbox (1.23369pt too wide) in paragraph at lines 40--40
 []|\T2A/cmr/m/n/10 419,116| 
 []


Overfull \hbox (1.23369pt too wide) in paragraph at lines 40--40
 []|\T2A/cmr/m/n/10 574,292| 
 []


Overfull \hbox (1.23369pt too wide) in paragraph at lines 40--40
 []|\T2A/cmr/m/n/10 594,224| 
 []


Overfull \hbox (1.23369pt too wide) in paragraph at lines 40--40
 []|\T2A/cmr/m/n/10 616,012| 
 []


Overfull \hbox (1.23369pt too wide) in paragraph at lines 40--40
 []|\T2A/cmr/m/n/10 339,185| 
 []


Overfull \hbox (1.23369pt too wide) in paragraph at lines 40--40
 []|\T2A/cmr/m/n/10 758,321| 
 []


Overfull \hbox (6.23247pt too wide) in paragraph at lines 40--40
 []|\T2A/cmr/m/n/10 1332,632| 
 []


Overfull \hbox (6.23247pt too wide) in paragraph at lines 40--40
 []|\T2A/cmr/m/n/10 1926,875| 
 []


Overfull \hbox (6.23247pt too wide) in paragraph at lines 40--40
 []|\T2A/cmr/m/n/10 2542,907| 
 []


Overfull \hbox (1.23369pt too wide) in paragraph at lines 40--40
 []|\T2A/cmr/m/n/10 267,867| 
 []


Overfull \hbox (1.23369pt too wide) in paragraph at lines 40--40
 []|\T2A/cmr/m/n/10 330,604| 
 []


Overfull \hbox (1.23369pt too wide) in paragraph at lines 40--40
 []|\T2A/cmr/m/n/10 452,763| 
 []


Overfull \hbox (1.23369pt too wide) in paragraph at lines 40--40
 []|\T2A/cmr/m/n/10 468,407| 
 []


Overfull \hbox (1.23369pt too wide) in paragraph at lines 40--40
 []|\T2A/cmr/m/n/10 485,348| 
 []


Overfull \hbox (1.23369pt too wide) in paragraph at lines 40--40
 []|\T2A/cmr/m/n/10 267,884| 
 []


Overfull \hbox (1.23369pt too wide) in paragraph at lines 40--40
 []|\T2A/cmr/m/n/10 598,506| 
 []


Overfull \hbox (6.23247pt too wide) in paragraph at lines 40--40
 []|\T2A/cmr/m/n/10 1051,286| 
 []


Overfull \hbox (1.23369pt too wide) in paragraph at lines 40--40
 []|\T2A/cmr/m/n/10 1519,71| 
 []


Overfull \hbox (6.23247pt too wide) in paragraph at lines 40--40
 []|\T2A/cmr/m/n/10 2005,076| 
 []


Overfull \hbox (1.23369pt too wide) in paragraph at lines 40--40
 []|\T2A/cmr/m/n/10 216,897| 
 []


Overfull \hbox (1.23369pt too wide) in paragraph at lines 40--40
 []|\T2A/cmr/m/n/10 267,435| 
 []


Overfull \hbox (1.23369pt too wide) in paragraph at lines 40--40
 []|\T2A/cmr/m/n/10 366,093| 
 []


Overfull \hbox (1.23369pt too wide) in paragraph at lines 40--40
 []|\T2A/cmr/m/n/10 378,697| 
 []


Overfull \hbox (1.23369pt too wide) in paragraph at lines 40--40
 []|\T2A/cmr/m/n/10 392,244| 
 []


Overfull \hbox (1.23369pt too wide) in paragraph at lines 40--40
 []|\T2A/cmr/m/n/10 216,913| 
 []


Overfull \hbox (1.23369pt too wide) in paragraph at lines 40--40
 []|\T2A/cmr/m/n/10 484,363| 
 []


Overfull \hbox (1.23369pt too wide) in paragraph at lines 40--40
 []|\T2A/cmr/m/n/10 850,472| 
 []


Overfull \hbox (6.23247pt too wide) in paragraph at lines 40--40
 []|\T2A/cmr/m/n/10 1229,184| 
 []


Overfull \hbox (6.23247pt too wide) in paragraph at lines 40--40
 []|\T2A/cmr/m/n/10 1621,443| 
 []


Overfull \hbox (1.23369pt too wide) in paragraph at lines 40--40
 []|\T2A/cmr/m/n/10 179,203| 
 []


Overfull \hbox (1.23369pt too wide) in paragraph at lines 40--40
 []|\T2A/cmr/m/n/10 220,781| 
 []


Overfull \hbox (1.23369pt too wide) in paragraph at lines 40--40
 []|\T2A/cmr/m/n/10 302,121| 
 []


Overfull \hbox (1.23369pt too wide) in paragraph at lines 40--40
 []|\T2A/cmr/m/n/10 312,492| 
 []


Overfull \hbox (1.23369pt too wide) in paragraph at lines 40--40
 []|\T2A/cmr/m/n/10 179,217| 
 []


Overfull \hbox (1.23369pt too wide) in paragraph at lines 40--40
 []|\T2A/cmr/m/n/10 400,012| 
 []


Overfull \hbox (1.23369pt too wide) in paragraph at lines 40--40
 []|\T2A/cmr/m/n/10 702,148| 
 []


Overfull \hbox (6.23247pt too wide) in paragraph at lines 40--40
 []|\T2A/cmr/m/n/10 1014,654| 
 []


Overfull \hbox (6.23247pt too wide) in paragraph at lines 40--40
 []|\T2A/cmr/m/n/10 1338,238| 
 []


Overfull \hbox (1.23369pt too wide) in paragraph at lines 40--40
 []|\T2A/cmr/m/n/10 150,545| 
 []


Overfull \hbox (1.23369pt too wide) in paragraph at lines 40--40
 []|\T2A/cmr/m/n/10 253,562| 
 []


Overfull \hbox (1.23369pt too wide) in paragraph at lines 40--40
 []|\T2A/cmr/m/n/10 262,245| 
 []


Overfull \hbox (1.23369pt too wide) in paragraph at lines 40--40
 []|\T2A/cmr/m/n/10 150,558| 
 []


Overfull \hbox (1.23369pt too wide) in paragraph at lines 40--40
 []|\T2A/cmr/m/n/10 335,921| 
 []


Overfull \hbox (1.23369pt too wide) in paragraph at lines 40--40
 []|\T2A/cmr/m/n/10 589,496| 
 []


Overfull \hbox (1.23369pt too wide) in paragraph at lines 40--40
 []|\T2A/cmr/m/n/10 851,754| 
 []


Overfull \hbox (6.23247pt too wide) in paragraph at lines 40--40
 []|\T2A/cmr/m/n/10 1123,237| 
 []


Overfull \hbox (1.23369pt too wide) in paragraph at lines 40--40
 []|\T2A/cmr/m/n/10 157,811| 
 []


Overfull \hbox (1.23369pt too wide) in paragraph at lines 40--40
 []|\T2A/cmr/m/n/10 215,834| 
 []


Overfull \hbox (1.23369pt too wide) in paragraph at lines 40--40
 []|\T2A/cmr/m/n/10 231,011| 
 []


Overfull \hbox (1.23369pt too wide) in paragraph at lines 40--40
 []|\T2A/cmr/m/n/10 128,262| 
 []


Overfull \hbox (1.23369pt too wide) in paragraph at lines 40--40
 []|\T2A/cmr/m/n/10 286,084| 
 []


Overfull \hbox (1.23369pt too wide) in paragraph at lines 40--40
 []|\T2A/cmr/m/n/10 725,152| 
 []


Overfull \hbox (1.23369pt too wide) in paragraph at lines 40--40
 []|\T2A/cmr/m/n/10 956,175| 
 []


Overfull \hbox (1.23369pt too wide) in paragraph at lines 40--40
 []|\T2A/cmr/m/n/10 110,564| 
 []


Overfull \hbox (1.23369pt too wide) in paragraph at lines 40--40
 []|\T2A/cmr/m/n/10 135,982| 
 []


Overfull \hbox (1.23369pt too wide) in paragraph at lines 40--40
 []|\T2A/cmr/m/n/10 185,941| 
 []


Overfull \hbox (1.23369pt too wide) in paragraph at lines 40--40
 []|\T2A/cmr/m/n/10 192,283| 
 []


Overfull \hbox (1.23369pt too wide) in paragraph at lines 40--40
 []|\T2A/cmr/m/n/10 198,967| 
 []


Overfull \hbox (1.23369pt too wide) in paragraph at lines 40--40
 []|\T2A/cmr/m/n/10 110,575| 
 []


Overfull \hbox (1.23369pt too wide) in paragraph at lines 40--40
 []|\T2A/cmr/m/n/10 246,568| 
 []


Overfull \hbox (1.23369pt too wide) in paragraph at lines 40--40
 []|\T2A/cmr/m/n/10 624,814| 
 []


Overfull \hbox (1.23369pt too wide) in paragraph at lines 40--40
 []|\T2A/cmr/m/n/10 823,792| 
 []


Overfull \hbox (1.23369pt too wide) in paragraph at lines 40--40
 []|\T2A/cmr/m/n/10 118,389| 
 []


Overfull \hbox (1.23369pt too wide) in paragraph at lines 40--40
 []|\T2A/cmr/m/n/10 161,853| 
 []


Overfull \hbox (1.23369pt too wide) in paragraph at lines 40--40
 []|\T2A/cmr/m/n/10 167,366| 
 []


Overfull \hbox (1.23369pt too wide) in paragraph at lines 40--40
 []|\T2A/cmr/m/n/10 173,155| 
 []


Overfull \hbox (1.23369pt too wide) in paragraph at lines 40--40
 []|\T2A/cmr/m/n/10 214,708| 
 []


Overfull \hbox (1.23369pt too wide) in paragraph at lines 40--40
 []|\T2A/cmr/m/n/10 376,572| 
 []


Overfull \hbox (1.23369pt too wide) in paragraph at lines 40--40
 []|\T2A/cmr/m/n/10 543,948| 
 []


Overfull \hbox (1.23369pt too wide) in paragraph at lines 40--40
 []|\T2A/cmr/m/n/10 717,114| 
 []


Overfull \hbox (1.23369pt too wide) in paragraph at lines 40--40
 []|\T2A/cmr/m/n/10 104,001| 
 []


Overfull \hbox (1.23369pt too wide) in paragraph at lines 40--40
 []|\T2A/cmr/m/n/10 146,996| 
 []


Overfull \hbox (1.23369pt too wide) in paragraph at lines 40--40
 []|\T2A/cmr/m/n/10 152,059| 
 []


Overfull \hbox (1.23369pt too wide) in paragraph at lines 40--40
 []|\T2A/cmr/m/n/10 188,647| 
 []


Overfull \hbox (1.23369pt too wide) in paragraph at lines 40--40
 []|\T2A/cmr/m/n/10 330,817| 
 []


Overfull \hbox (1.23369pt too wide) in paragraph at lines 40--40
 []|\T2A/cmr/m/n/10 477,823| 
 []


Overfull \hbox (1.23369pt too wide) in paragraph at lines 40--40
 []|\T2A/cmr/m/n/10 629,891| 
 []


Overfull \hbox (1.23369pt too wide) in paragraph at lines 40--40
 []|\T2A/cmr/m/n/10 125,855| 
 []


Overfull \hbox (1.23369pt too wide) in paragraph at lines 40--40
 []|\T2A/cmr/m/n/10 134,595| 
 []


Overfull \hbox (1.23369pt too wide) in paragraph at lines 40--40
 []|\T2A/cmr/m/n/10 167,058| 
 []


Overfull \hbox (1.23369pt too wide) in paragraph at lines 40--40
 []|\T2A/cmr/m/n/10 292,922| 
 []


Overfull \hbox (1.23369pt too wide) in paragraph at lines 40--40
 []|\T2A/cmr/m/n/10 423,062| 
 []


Overfull \hbox (1.23369pt too wide) in paragraph at lines 40--40
 []|\T2A/cmr/m/n/10 557,666| 
 []


Overfull \hbox (1.23369pt too wide) in paragraph at lines 40--40
 []|\T2A/cmr/m/n/10 112,201| 
 []


Overfull \hbox (1.23369pt too wide) in paragraph at lines 40--40
 []|\T2A/cmr/m/n/10 116,009| 
 []


Overfull \hbox (1.23369pt too wide) in paragraph at lines 40--40
 []|\T2A/cmr/m/n/10 119,977| 
 []


Overfull \hbox (1.23369pt too wide) in paragraph at lines 40--40
 []|\T2A/cmr/m/n/10 148,974| 
 []


Overfull \hbox (1.23369pt too wide) in paragraph at lines 40--40
 []|\T2A/cmr/m/n/10 261,184| 
 []


Overfull \hbox (1.23369pt too wide) in paragraph at lines 40--40
 []|\T2A/cmr/m/n/10 377,202| 
 []


Overfull \hbox (1.23369pt too wide) in paragraph at lines 40--40
 []|\T2A/cmr/m/n/10 497,187| 
 []


Overfull \hbox (1.23369pt too wide) in paragraph at lines 40--40
 []|\T2A/cmr/m/n/10 100,655| 
 []


Overfull \hbox (1.23369pt too wide) in paragraph at lines 40--40
 []|\T2A/cmr/m/n/10 104,068| 
 []


Overfull \hbox (1.23369pt too wide) in paragraph at lines 40--40
 []|\T2A/cmr/m/n/10 107,616| 
 []


Overfull \hbox (1.23369pt too wide) in paragraph at lines 40--40
 []|\T2A/cmr/m/n/10 133,675| 
 []


Overfull \hbox (1.23369pt too wide) in paragraph at lines 40--40
 []|\T2A/cmr/m/n/10 234,339| 
 []


Overfull \hbox (1.23369pt too wide) in paragraph at lines 40--40
 []|\T2A/cmr/m/n/10 338,415| 
 []


Overfull \hbox (1.23369pt too wide) in paragraph at lines 40--40
 []|\T2A/cmr/m/n/10 446,039| 
 []


Overfull \hbox (1.23369pt too wide) in paragraph at lines 40--40
 []|\T2A/cmr/m/n/10 120,617| 
 []


Overfull \hbox (1.23369pt too wide) in paragraph at lines 40--40
 []|\T2A/cmr/m/n/10 211,429| 
 []


Overfull \hbox (1.23369pt too wide) in paragraph at lines 40--40
 []|\T2A/cmr/m/n/10 305,316| 
 []


Overfull \hbox (1.23369pt too wide) in paragraph at lines 40--40
 []|\T2A/cmr/m/n/10 402,396| 
 []


Overfull \hbox (1.23369pt too wide) in paragraph at lines 40--40
 []|\T2A/cmr/m/n/10 109,384| 
 []


Overfull \hbox (1.23369pt too wide) in paragraph at lines 40--40
 []|\T2A/cmr/m/n/10 191,722| 
 []


Overfull \hbox (1.23369pt too wide) in paragraph at lines 40--40
 []|\T2A/cmr/m/n/10 276,847| 
 []


Overfull \hbox (1.23369pt too wide) in paragraph at lines 40--40
 []|\T2A/cmr/m/n/10 364,859| 
 []


Overfull \hbox (1.23369pt too wide) in paragraph at lines 40--40
 []|\T2A/cmr/m/n/10 174,647| 
 []


Overfull \hbox (1.23369pt too wide) in paragraph at lines 40--40
 []|\T2A/cmr/m/n/10 252,181| 
 []


Overfull \hbox (1.23369pt too wide) in paragraph at lines 40--40
 []|\T2A/cmr/m/n/10 159,756| 
 []


Overfull \hbox (1.23369pt too wide) in paragraph at lines 40--40
 []|\T2A/cmr/m/n/10 230,671| 
 []


Overfull \hbox (1.23369pt too wide) in paragraph at lines 40--40
 []|\T2A/cmr/m/n/10 303,982| 
 []


Overfull \hbox (1.23369pt too wide) in paragraph at lines 40--40
 []|\T2A/cmr/m/n/10 146,691| 
 []


Overfull \hbox (1.23369pt too wide) in paragraph at lines 40--40
 []|\T2A/cmr/m/n/10 279,105| 
 []


Overfull \hbox (1.23369pt too wide) in paragraph at lines 40--40
 []|\T2A/cmr/m/n/10 135,166| 
 []


Overfull \hbox (1.23369pt too wide) in paragraph at lines 40--40
 []|\T2A/cmr/m/n/10 195,154| 
 []


Overfull \hbox (1.23369pt too wide) in paragraph at lines 40--40
 []|\T2A/cmr/m/n/10 257,161| 
 []

[8 <./body/img/img_4.png>]) [9]
Overfull \hbox (37.7869pt too wide) in paragraph at lines 127--128
[]\T2A/cmr/m/n/10 √рафики зависимости при производительности процессора Vp, с о
тносительными приоритетами представлены
 []

<body/img/img_5.png, id=104, 484.81125pt x 289.08pt>
File: body/img/img_5.png Graphic file (type png)
<use body/img/img_5.png>
Package pdftex.def Info: body/img/img_5.png  used on input line 131.
(pdftex.def)             Requested size: 339.36555pt x 202.35461pt.
<body/img/img_6.png, id=105, 481.8pt x 289.08pt>
File: body/img/img_6.png Graphic file (type png)
<use body/img/img_6.png>
Package pdftex.def Info: body/img/img_6.png  used on input line 138.
(pdftex.def)             Requested size: 337.25769pt x 202.35461pt.
[10 <./body/img/img_5.png>]
<body/img/img_7.png, id=113, 482.80376pt x 289.08pt>
File: body/img/img_7.png Graphic file (type png)
<use body/img/img_7.png>
Package pdftex.def Info: body/img/img_7.png  used on input line 145.
(pdftex.def)             Requested size: 337.96033pt x 202.35461pt.
<body/img/img_8.png, id=114, 482.80376pt x 289.08pt>
File: body/img/img_8.png Graphic file (type png)
<use body/img/img_8.png>
Package pdftex.def Info: body/img/img_8.png  used on input line 152.
(pdftex.def)             Requested size: 337.96033pt x 202.35461pt.
 [11 <./body/img/img_6.png> <./body/img/img_7.png>]
[12 <./body/img/img_8.png>]) (./body/end.tex
Overfull \hbox (10.43246pt too wide) in paragraph at lines 3--4
\T2A/cmr/m/n/10 обслуживани€ очереди потоков процессов с относительными и абсол
ютными приоритетами, обрабатываемых
 []

)
Package atveryend Info: Empty hook `BeforeClearDocument' on input line 11.
 [13]
Package atveryend Info: Empty hook `AfterLastShipout' on input line 11.
 (./main.aux)
Package atveryend Info: Executing hook `AtVeryEndDocument' on input line 11.
Package atveryend Info: Executing hook `AtEndAfterFileList' on input line 11.
Package rerunfilecheck Info: File `main.out' has not changed.
(rerunfilecheck)             Checksum: D41D8CD98F00B204E9800998ECF8427E;0.
Package atveryend Info: Empty hook `AtVeryVeryEnd' on input line 11.
 ) 
Here is how much of TeX's memory you used:
 14240 strings out of 482657
 209898 string characters out of 5957839
 547503 words of memory out of 5000000
 28984 multiletter control sequences out of 15000+600000
 537651 words of font info for 32 fonts, out of 8000000 for 9000
 430 hyphenation exceptions out of 8191
 44i,12n,44p,964b,404s stack positions out of 5000i,500n,10000p,200000b,80000s
 </home/geomer198/.texlive2019/texmf-var/fonts/pk/ljfour/lh/lh-t2a/labx1200.6
00pk> </home/geomer198/.texlive2019/texmf-var/fonts/pk/ljfour/lh/lh-t2a/labx144
0.600pk> </home/geomer198/.texlive2019/texmf-var/fonts/pk/ljfour/lh/lh-t2a/labx
1000.600pk> </home/geomer198/.texlive2019/texmf-var/fonts/pk/ljfour/lh/lh-t2a/l
arm1000.600pk></usr/share/texlive/texmf-dist/fonts/type1/public/amsfonts/cm/cme
x10.pfb></usr/share/texlive/texmf-dist/fonts/type1/public/amsfonts/cm/cmmi10.pf
b></usr/share/texlive/texmf-dist/fonts/type1/public/amsfonts/cm/cmmi7.pfb></usr
/share/texlive/texmf-dist/fonts/type1/public/amsfonts/cm/cmr10.pfb></usr/share/
texlive/texmf-dist/fonts/type1/public/amsfonts/cm/cmr7.pfb></usr/share/texlive/
texmf-dist/fonts/type1/public/amsfonts/cm/cmsy10.pfb></usr/share/texlive/texmf-
dist/fonts/type1/public/amsfonts/cm/cmsy7.pfb>
Output written on main.pdf (13 pages, 290840 bytes).
PDF statistics:
 330 PDF objects out of 1000 (max. 8388607)
 138 compressed objects within 2 object streams
 43 named destinations out of 1000 (max. 500000)
 61 words of extra memory for PDF output out of 10000 (max. 10000000)

